{"C:\\Users\\USER\\OneDrive\\Documents\\RevoU\\milestone-3-egaherawati10\\src\\app\\HomeClient.jsx": {"path":"C:\\Users\\USER\\OneDrive\\Documents\\RevoU\\milestone-3-egaherawati10\\src\\app\\HomeClient.jsx","statementMap":{"0":{"start":{"line":12,"column":24},"end":{"line":12,"column":35}},"1":{"start":{"line":3,"column":24},"end":{"line":3,"column":null}},"2":{"start":{"line":4,"column":24},"end":{"line":4,"column":null}},"3":{"start":{"line":5,"column":20},"end":{"line":5,"column":null}},"4":{"start":{"line":6,"column":21},"end":{"line":6,"column":null}},"5":{"start":{"line":7,"column":27},"end":{"line":7,"column":null}},"6":{"start":{"line":8,"column":17},"end":{"line":8,"column":null}},"7":{"start":{"line":9,"column":36},"end":{"line":9,"column":null}},"8":{"start":{"line":10,"column":28},"end":{"line":10,"column":null}},"9":{"start":{"line":13,"column":19},"end":{"line":13,"column":null}},"10":{"start":{"line":14,"column":34},"end":{"line":14,"column":null}},"11":{"start":{"line":15,"column":28},"end":{"line":15,"column":null}},"12":{"start":{"line":16,"column":32},"end":{"line":16,"column":null}},"13":{"start":{"line":18,"column":2},"end":{"line":33,"column":null}},"14":{"start":{"line":19,"column":26},"end":{"line":31,"column":null}},"15":{"start":{"line":20,"column":6},"end":{"line":30,"column":null}},"16":{"start":{"line":21,"column":20},"end":{"line":21,"column":null}},"17":{"start":{"line":22,"column":8},"end":{"line":22,"column":null}},"18":{"start":{"line":22,"column":21},"end":{"line":22,"column":null}},"19":{"start":{"line":23,"column":21},"end":{"line":23,"column":null}},"20":{"start":{"line":24,"column":8},"end":{"line":24,"column":null}},"21":{"start":{"line":25,"column":8},"end":{"line":25,"column":null}},"22":{"start":{"line":27,"column":8},"end":{"line":27,"column":null}},"23":{"start":{"line":29,"column":8},"end":{"line":29,"column":null}},"24":{"start":{"line":32,"column":4},"end":{"line":32,"column":null}},"25":{"start":{"line":36,"column":21},"end":{"line":36,"column":null}},"26":{"start":{"line":68,"column":29},"end":{"line":68,"column":null}},"27":{"start":{"line":81,"column":12},"end":{"line":81,"column":42}}},"fnMap":{"0":{"name":"HomeClient","decl":{"start":{"line":12,"column":24},"end":{"line":12,"column":35}},"loc":{"start":{"line":12,"column":46},"end":{"line":89,"column":null}}},"1":{"name":"(anonymous_3)","decl":{"start":{"line":18,"column":12},"end":{"line":18,"column":null}},"loc":{"start":{"line":18,"column":12},"end":{"line":33,"column":5}}},"2":{"name":"(anonymous_4)","decl":{"start":{"line":19,"column":26},"end":{"line":19,"column":null}},"loc":{"start":{"line":19,"column":26},"end":{"line":31,"column":null}}},"3":{"name":"NavLink","decl":{"start":{"line":35,"column":11},"end":{"line":35,"column":19}},"loc":{"start":{"line":35,"column":37},"end":{"line":47,"column":null}}},"4":{"name":"(anonymous_6)","decl":{"start":{"line":68,"column":23},"end":{"line":68,"column":29}},"loc":{"start":{"line":68,"column":29},"end":{"line":68,"column":null}}},"5":{"name":"(anonymous_7)","decl":{"start":{"line":80,"column":24},"end":{"line":80,"column":25}},"loc":{"start":{"line":81,"column":12},"end":{"line":81,"column":42}}}},"branchMap":{"0":{"loc":{"start":{"line":22,"column":8},"end":{"line":22,"column":null}},"type":"if","locations":[{"start":{"line":22,"column":8},"end":{"line":22,"column":null}}]},"1":{"loc":{"start":{"line":41,"column":10},"end":{"line":41,"column":null}},"type":"cond-expr","locations":[{"start":{"line":41,"column":21},"end":{"line":41,"column":39}},{"start":{"line":41,"column":39},"end":{"line":41,"column":null}}]},"2":{"loc":{"start":{"line":64,"column":27},"end":{"line":64,"column":null}},"type":"cond-expr","locations":[{"start":{"line":64,"column":59},"end":{"line":64,"column":74}},{"start":{"line":64,"column":74},"end":{"line":64,"column":null}}]},"3":{"loc":{"start":{"line":65,"column":15},"end":{"line":65,"column":null}},"type":"binary-expr","locations":[{"start":{"line":65,"column":15},"end":{"line":65,"column":47}},{"start":{"line":65,"column":51},"end":{"line":65,"column":null}}]}},"s":{"0":5,"1":1,"2":1,"3":1,"4":1,"5":1,"6":1,"7":1,"8":1,"9":9,"10":9,"11":9,"12":9,"13":9,"14":5,"15":5,"16":5,"17":5,"18":1,"19":4,"20":4,"21":4,"22":1,"23":5,"24":5,"25":15,"26":1,"27":6},"f":{"0":9,"1":5,"2":5,"3":15,"4":1,"5":6},"b":{"0":[1],"1":[9,6],"2":[0,3],"3":[3,0]}}
,"C:\\Users\\USER\\OneDrive\\Documents\\RevoU\\milestone-3-egaherawati10\\src\\app\\layout.jsx": {"path":"C:\\Users\\USER\\OneDrive\\Documents\\RevoU\\milestone-3-egaherawati10\\src\\app\\layout.jsx","statementMap":{"0":{"start":{"line":23,"column":24},"end":{"line":23,"column":35}},"1":{"start":{"line":1,"column":18},"end":{"line":1,"column":null}},"2":{"start":{"line":2,"column":34},"end":{"line":2,"column":null}},"3":{"start":{"line":3,"column":7},"end":{"line":3,"column":null}},"4":{"start":{"line":4,"column":31},"end":{"line":4,"column":null}},"5":{"start":{"line":5,"column":7},"end":{"line":5,"column":null}},"6":{"start":{"line":6,"column":35},"end":{"line":6,"column":null}},"7":{"start":{"line":8,"column":18},"end":{"line":11,"column":null}},"8":{"start":{"line":13,"column":18},"end":{"line":16,"column":null}}},"fnMap":{"0":{"name":"RootLayout","decl":{"start":{"line":23,"column":24},"end":{"line":23,"column":35}},"loc":{"start":{"line":23,"column":47},"end":{"line":35,"column":null}}}},"branchMap":{},"s":{"0":3,"1":1,"2":1,"3":1,"4":1,"5":1,"6":1,"7":1,"8":1},"f":{"0":3},"b":{}}
,"C:\\Users\\USER\\OneDrive\\Documents\\RevoU\\milestone-3-egaherawati10\\src\\app\\page.jsx": {"path":"C:\\Users\\USER\\OneDrive\\Documents\\RevoU\\milestone-3-egaherawati10\\src\\app\\page.jsx","statementMap":{"0":{"start":{"line":6,"column":30},"end":{"line":6,"column":null}},"1":{"start":{"line":1,"column":33},"end":{"line":1,"column":null}},"2":{"start":{"line":2,"column":28},"end":{"line":2,"column":null}},"3":{"start":{"line":3,"column":25},"end":{"line":3,"column":null}},"4":{"start":{"line":4,"column":23},"end":{"line":4,"column":null}},"5":{"start":{"line":7,"column":18},"end":{"line":7,"column":null}},"6":{"start":{"line":9,"column":2},"end":{"line":11,"column":null}},"7":{"start":{"line":10,"column":4},"end":{"line":10,"column":24}}},"fnMap":{"0":{"name":"Home","decl":{"start":{"line":6,"column":30},"end":{"line":6,"column":null}},"loc":{"start":{"line":6,"column":30},"end":{"line":14,"column":null}}}},"branchMap":{"0":{"loc":{"start":{"line":9,"column":2},"end":{"line":11,"column":null}},"type":"if","locations":[{"start":{"line":9,"column":2},"end":{"line":11,"column":null}}]}},"s":{"0":0,"1":0,"2":0,"3":0,"4":0,"5":0,"6":0,"7":0},"f":{"0":0},"b":{"0":[0]}}
,"C:\\Users\\USER\\OneDrive\\Documents\\RevoU\\milestone-3-egaherawati10\\src\\app\\__test__\\snapshot.js": {"path":"C:\\Users\\USER\\OneDrive\\Documents\\RevoU\\milestone-3-egaherawati10\\src\\app\\__test__\\snapshot.js","statementMap":{"0":{"start":{"line":1,"column":23},"end":{"line":1,"column":null}},"1":{"start":{"line":2,"column":17},"end":{"line":2,"column":null}},"2":{"start":{"line":4,"column":0},"end":{"line":7,"column":null}},"3":{"start":{"line":5,"column":24},"end":{"line":5,"column":null}},"4":{"start":{"line":6,"column":2},"end":{"line":6,"column":null}}},"fnMap":{"0":{"name":"(anonymous_1)","decl":{"start":{"line":4,"column":33},"end":{"line":4,"column":null}},"loc":{"start":{"line":4,"column":33},"end":{"line":7,"column":null}}}},"branchMap":{},"s":{"0":0,"1":0,"2":0,"3":0,"4":0},"f":{"0":0},"b":{}}
,"C:\\Users\\USER\\OneDrive\\Documents\\RevoU\\milestone-3-egaherawati10\\src\\app\\api\\auth\\[...nextauth]\\route.jsx": {"path":"C:\\Users\\USER\\OneDrive\\Documents\\RevoU\\milestone-3-egaherawati10\\src\\app\\api\\auth\\[...nextauth]\\route.jsx","statementMap":{"0":{"start":{"line":66,"column":9},"end":{"line":66,"column":20}},"1":{"start":{"line":66,"column":25},"end":{"line":66,"column":36}},"2":{"start":{"line":1,"column":21},"end":{"line":1,"column":null}},"3":{"start":{"line":2,"column":32},"end":{"line":2,"column":null}},"4":{"start":{"line":10,"column":20},"end":{"line":62,"column":null}},"5":{"start":{"line":28,"column":26},"end":{"line":28,"column":null}},"6":{"start":{"line":29,"column":26},"end":{"line":29,"column":null}},"7":{"start":{"line":30,"column":27},"end":{"line":31,"column":null}},"8":{"start":{"line":31,"column":17},"end":{"line":31,"column":85}},"9":{"start":{"line":33,"column":12},"end":{"line":40,"column":null}},"10":{"start":{"line":34,"column":12},"end":{"line":39,"column":null}},"11":{"start":{"line":42,"column":12},"end":{"line":42,"column":null}},"12":{"start":{"line":54,"column":8},"end":{"line":54,"column":null}},"13":{"start":{"line":54,"column":18},"end":{"line":54,"column":null}},"14":{"start":{"line":55,"column":8},"end":{"line":55,"column":null}},"15":{"start":{"line":58,"column":8},"end":{"line":58,"column":null}},"16":{"start":{"line":59,"column":8},"end":{"line":59,"column":null}},"17":{"start":{"line":64,"column":16},"end":{"line":64,"column":null}}},"fnMap":{"0":{"name":"(anonymous_4)","decl":{"start":{"line":18,"column":8},"end":{"line":18,"column":14}},"loc":{"start":{"line":18,"column":35},"end":{"line":43,"column":null}}},"1":{"name":"(anonymous_5)","decl":{"start":{"line":31,"column":12},"end":{"line":31,"column":17}},"loc":{"start":{"line":31,"column":17},"end":{"line":31,"column":85}}},"2":{"name":"(anonymous_6)","decl":{"start":{"line":53,"column":8},"end":{"line":53,"column":14}},"loc":{"start":{"line":53,"column":33},"end":{"line":56,"column":null}}},"3":{"name":"(anonymous_7)","decl":{"start":{"line":57,"column":8},"end":{"line":57,"column":14}},"loc":{"start":{"line":57,"column":40},"end":{"line":60,"column":null}}}},"branchMap":{"0":{"loc":{"start":{"line":31,"column":17},"end":{"line":31,"column":85}},"type":"binary-expr","locations":[{"start":{"line":31,"column":17},"end":{"line":31,"column":46}},{"start":{"line":31,"column":50},"end":{"line":31,"column":85}}]},"1":{"loc":{"start":{"line":33,"column":12},"end":{"line":40,"column":null}},"type":"if","locations":[{"start":{"line":33,"column":12},"end":{"line":40,"column":null}}]},"2":{"loc":{"start":{"line":38,"column":23},"end":{"line":38,"column":null}},"type":"binary-expr","locations":[{"start":{"line":38,"column":23},"end":{"line":38,"column":32}},{"start":{"line":38,"column":36},"end":{"line":38,"column":null}}]},"3":{"loc":{"start":{"line":54,"column":8},"end":{"line":54,"column":null}},"type":"if","locations":[{"start":{"line":54,"column":8},"end":{"line":54,"column":null}}]}},"s":{"0":0,"1":0,"2":0,"3":0,"4":0,"5":0,"6":0,"7":0,"8":0,"9":0,"10":0,"11":0,"12":0,"13":0,"14":0,"15":0,"16":0,"17":0},"f":{"0":0,"1":0,"2":0,"3":0},"b":{"0":[0,0],"1":[0],"2":[0,0],"3":[0]}}
,"C:\\Users\\USER\\OneDrive\\Documents\\RevoU\\milestone-3-egaherawati10\\src\\app\\cart\\page.jsx": {"path":"C:\\Users\\USER\\OneDrive\\Documents\\RevoU\\milestone-3-egaherawati10\\src\\app\\cart\\page.jsx","statementMap":{"0":{"start":{"line":105,"column":0},"end":{"line":105,"column":15}},"1":{"start":{"line":3,"column":43},"end":{"line":3,"column":null}},"2":{"start":{"line":4,"column":31},"end":{"line":4,"column":null}},"3":{"start":{"line":5,"column":27},"end":{"line":5,"column":null}},"4":{"start":{"line":6,"column":17},"end":{"line":6,"column":null}},"5":{"start":{"line":8,"column":17},"end":{"line":103,"column":null}},"6":{"start":{"line":14,"column":6},"end":{"line":14,"column":null}},"7":{"start":{"line":16,"column":32},"end":{"line":16,"column":48}},"8":{"start":{"line":17,"column":16},"end":{"line":19,"column":null}},"9":{"start":{"line":18,"column":19},"end":{"line":18,"column":51}},"10":{"start":{"line":22,"column":2},"end":{"line":27,"column":null}},"11":{"start":{"line":24,"column":4},"end":{"line":26,"column":13}},"12":{"start":{"line":25,"column":6},"end":{"line":25,"column":25}},"13":{"start":{"line":43,"column":14},"end":{"line":44,"column":null}},"14":{"start":{"line":60,"column":35},"end":{"line":60,"column":null}},"15":{"start":{"line":68,"column":35},"end":{"line":68,"column":null}},"16":{"start":{"line":77,"column":33},"end":{"line":77,"column":null}},"17":{"start":{"line":105,"column":15},"end":{"line":105,"column":null}}},"fnMap":{"0":{"name":"(anonymous_5)","decl":{"start":{"line":8,"column":17},"end":{"line":8,"column":null}},"loc":{"start":{"line":8,"column":17},"end":{"line":103,"column":null}}},"1":{"name":"(anonymous_6)","decl":{"start":{"line":18,"column":4},"end":{"line":18,"column":5}},"loc":{"start":{"line":18,"column":19},"end":{"line":18,"column":51}}},"2":{"name":"(anonymous_7)","decl":{"start":{"line":22,"column":12},"end":{"line":22,"column":null}},"loc":{"start":{"line":22,"column":12},"end":{"line":27,"column":5}}},"3":{"name":"(anonymous_8)","decl":{"start":{"line":24,"column":15},"end":{"line":24,"column":null}},"loc":{"start":{"line":24,"column":15},"end":{"line":26,"column":7}}},"4":{"name":"(anonymous_9)","decl":{"start":{"line":42,"column":27},"end":{"line":42,"column":28}},"loc":{"start":{"line":43,"column":14},"end":{"line":44,"column":null}}},"5":{"name":"(anonymous_10)","decl":{"start":{"line":60,"column":29},"end":{"line":60,"column":35}},"loc":{"start":{"line":60,"column":35},"end":{"line":60,"column":null}}},"6":{"name":"(anonymous_11)","decl":{"start":{"line":68,"column":29},"end":{"line":68,"column":35}},"loc":{"start":{"line":68,"column":35},"end":{"line":68,"column":null}}},"7":{"name":"(anonymous_12)","decl":{"start":{"line":77,"column":27},"end":{"line":77,"column":33}},"loc":{"start":{"line":77,"column":33},"end":{"line":77,"column":null}}}},"branchMap":{"0":{"loc":{"start":{"line":34,"column":8},"end":{"line":37,"column":20}},"type":"cond-expr","locations":[{"start":{"line":34,"column":8},"end":{"line":37,"column":20}}]},"1":{"loc":{"start":{"line":38,"column":8},"end":{"line":40,"column":null}},"type":"cond-expr","locations":[{"start":{"line":38,"column":8},"end":{"line":40,"column":null}}]}},"s":{"0":7,"1":1,"2":1,"3":1,"4":1,"5":1,"6":13,"7":13,"8":13,"9":12,"10":13,"11":7,"12":7,"13":6,"14":1,"15":1,"16":1,"17":1},"f":{"0":13,"1":12,"2":7,"3":7,"4":6,"5":1,"6":1,"7":1},"b":{"0":[7],"1":[1]}}
,"C:\\Users\\USER\\OneDrive\\Documents\\RevoU\\milestone-3-egaherawati10\\src\\app\\checkout\\page.jsx": {"path":"C:\\Users\\USER\\OneDrive\\Documents\\RevoU\\milestone-3-egaherawati10\\src\\app\\checkout\\page.jsx","statementMap":{"0":{"start":{"line":8,"column":24},"end":{"line":8,"column":null}},"1":{"start":{"line":3,"column":32},"end":{"line":3,"column":null}},"2":{"start":{"line":4,"column":26},"end":{"line":4,"column":null}},"3":{"start":{"line":5,"column":31},"end":{"line":5,"column":null}},"4":{"start":{"line":6,"column":27},"end":{"line":6,"column":null}},"5":{"start":{"line":9,"column":17},"end":{"line":9,"column":null}},"6":{"start":{"line":10,"column":35},"end":{"line":10,"column":null}},"7":{"start":{"line":11,"column":32},"end":{"line":11,"column":null}},"8":{"start":{"line":12,"column":36},"end":{"line":12,"column":null}},"9":{"start":{"line":13,"column":26},"end":{"line":13,"column":null}},"10":{"start":{"line":15,"column":16},"end":{"line":17,"column":null}},"11":{"start":{"line":16,"column":19},"end":{"line":16,"column":51}},"12":{"start":{"line":20,"column":23},"end":{"line":22,"column":null}},"13":{"start":{"line":21,"column":4},"end":{"line":21,"column":null}},"14":{"start":{"line":24,"column":27},"end":{"line":35,"column":null}},"15":{"start":{"line":25,"column":4},"end":{"line":25,"column":null}},"16":{"start":{"line":29,"column":4},"end":{"line":34,"column":null}},"17":{"start":{"line":30,"column":6},"end":{"line":30,"column":null}},"18":{"start":{"line":31,"column":6},"end":{"line":31,"column":null}},"19":{"start":{"line":32,"column":6},"end":{"line":32,"column":null}},"20":{"start":{"line":33,"column":6},"end":{"line":33,"column":null}},"21":{"start":{"line":48,"column":14},"end":{"line":48,"column":33}},"22":{"start":{"line":69,"column":12},"end":{"line":69,"column":32}}},"fnMap":{"0":{"name":"CheckoutPage","decl":{"start":{"line":8,"column":24},"end":{"line":8,"column":null}},"loc":{"start":{"line":8,"column":24},"end":{"line":99,"column":null}}},"1":{"name":"(anonymous_5)","decl":{"start":{"line":16,"column":4},"end":{"line":16,"column":5}},"loc":{"start":{"line":16,"column":19},"end":{"line":16,"column":51}}},"2":{"name":"(anonymous_6)","decl":{"start":{"line":20,"column":23},"end":{"line":20,"column":24}},"loc":{"start":{"line":20,"column":24},"end":{"line":22,"column":null}}},"3":{"name":"(anonymous_7)","decl":{"start":{"line":24,"column":27},"end":{"line":24,"column":null}},"loc":{"start":{"line":24,"column":27},"end":{"line":35,"column":null}}},"4":{"name":"(anonymous_8)","decl":{"start":{"line":29,"column":15},"end":{"line":29,"column":null}},"loc":{"start":{"line":29,"column":15},"end":{"line":34,"column":7}}},"5":{"name":"(anonymous_9)","decl":{"start":{"line":47,"column":27},"end":{"line":47,"column":28}},"loc":{"start":{"line":48,"column":14},"end":{"line":48,"column":33}}},"6":{"name":"(anonymous_10)","decl":{"start":{"line":68,"column":53},"end":{"line":68,"column":54}},"loc":{"start":{"line":69,"column":12},"end":{"line":69,"column":32}}}},"branchMap":{"0":{"loc":{"start":{"line":44,"column":10},"end":{"line":46,"column":11}},"type":"cond-expr","locations":[{"start":{"line":44,"column":10},"end":{"line":46,"column":11}}]},"1":{"loc":{"start":{"line":92,"column":18},"end":{"line":92,"column":null}},"type":"binary-expr","locations":[{"start":{"line":92,"column":18},"end":{"line":92,"column":29}},{"start":{"line":92,"column":29},"end":{"line":92,"column":null}}]},"2":{"loc":{"start":{"line":95,"column":9},"end":{"line":95,"column":null}},"type":"cond-expr","locations":[{"start":{"line":95,"column":19},"end":{"line":95,"column":43}},{"start":{"line":95,"column":43},"end":{"line":95,"column":null}}]}},"s":{"0":4,"1":1,"2":1,"3":1,"4":1,"5":7,"6":7,"7":7,"8":7,"9":7,"10":7,"11":7,"12":7,"13":1,"14":7,"15":1,"16":1,"17":1,"18":1,"19":1,"20":1,"21":7,"22":28},"f":{"0":7,"1":7,"2":1,"3":1,"4":1,"5":7,"6":28},"b":{"0":[1],"1":[7,6],"2":[1,6]}}
,"C:\\Users\\USER\\OneDrive\\Documents\\RevoU\\milestone-3-egaherawati10\\src\\app\\component\\CartIcon.jsx": {"path":"C:\\Users\\USER\\OneDrive\\Documents\\RevoU\\milestone-3-egaherawati10\\src\\app\\component\\CartIcon.jsx","statementMap":{"0":{"start":{"line":8,"column":24},"end":{"line":8,"column":null}},"1":{"start":{"line":3,"column":18},"end":{"line":3,"column":null}},"2":{"start":{"line":4,"column":31},"end":{"line":4,"column":null}},"3":{"start":{"line":5,"column":32},"end":{"line":5,"column":null}},"4":{"start":{"line":6,"column":31},"end":{"line":6,"column":null}},"5":{"start":{"line":9,"column":20},"end":{"line":9,"column":null}},"6":{"start":{"line":9,"column":46},"end":{"line":9,"column":67}},"7":{"start":{"line":10,"column":16},"end":{"line":10,"column":null}},"8":{"start":{"line":10,"column":48},"end":{"line":10,"column":67}}},"fnMap":{"0":{"name":"CartIcon","decl":{"start":{"line":8,"column":24},"end":{"line":8,"column":null}},"loc":{"start":{"line":8,"column":24},"end":{"line":22,"column":null}}},"1":{"name":"(anonymous_3)","decl":{"start":{"line":9,"column":35},"end":{"line":9,"column":36}},"loc":{"start":{"line":9,"column":46},"end":{"line":9,"column":67}}},"2":{"name":"(anonymous_4)","decl":{"start":{"line":10,"column":33},"end":{"line":10,"column":34}},"loc":{"start":{"line":10,"column":48},"end":{"line":10,"column":67}}}},"branchMap":{"0":{"loc":{"start":{"line":9,"column":46},"end":{"line":9,"column":67}},"type":"binary-expr","locations":[{"start":{"line":9,"column":46},"end":{"line":9,"column":61}},{"start":{"line":9,"column":65},"end":{"line":9,"column":67}}]},"1":{"loc":{"start":{"line":15,"column":7},"end":{"line":15,"column":null}},"type":"binary-expr","locations":[{"start":{"line":15,"column":7},"end":{"line":15,"column":null}}]}},"s":{"0":3,"1":1,"2":1,"3":1,"4":1,"5":3,"6":0,"7":3,"8":2},"f":{"0":3,"1":0,"2":2},"b":{"0":[0,0],"1":[3]}}
,"C:\\Users\\USER\\OneDrive\\Documents\\RevoU\\milestone-3-egaherawati10\\src\\app\\component\\FAQ.jsx": {"path":"C:\\Users\\USER\\OneDrive\\Documents\\RevoU\\milestone-3-egaherawati10\\src\\app\\component\\FAQ.jsx","statementMap":{"0":{"start":{"line":32,"column":24},"end":{"line":32,"column":null}},"1":{"start":{"line":1,"column":25},"end":{"line":1,"column":null}},"2":{"start":{"line":4,"column":13},"end":{"line":30,"column":null}},"3":{"start":{"line":33,"column":36},"end":{"line":33,"column":null}},"4":{"start":{"line":35,"column":17},"end":{"line":37,"column":null}},"5":{"start":{"line":36,"column":4},"end":{"line":36,"column":null}},"6":{"start":{"line":44,"column":10},"end":{"line":44,"column":27}},"7":{"start":{"line":46,"column":29},"end":{"line":46,"column":null}}},"fnMap":{"0":{"name":"ShopFAQ","decl":{"start":{"line":32,"column":24},"end":{"line":32,"column":null}},"loc":{"start":{"line":32,"column":24},"end":{"line":60,"column":null}}},"1":{"name":"(anonymous_5)","decl":{"start":{"line":35,"column":17},"end":{"line":35,"column":18}},"loc":{"start":{"line":35,"column":18},"end":{"line":37,"column":null}}},"2":{"name":"(anonymous_6)","decl":{"start":{"line":43,"column":18},"end":{"line":43,"column":19}},"loc":{"start":{"line":44,"column":10},"end":{"line":44,"column":27}}},"3":{"name":"(anonymous_7)","decl":{"start":{"line":46,"column":23},"end":{"line":46,"column":29}},"loc":{"start":{"line":46,"column":29},"end":{"line":46,"column":null}}}},"branchMap":{"0":{"loc":{"start":{"line":36,"column":17},"end":{"line":36,"column":null}},"type":"cond-expr","locations":[{"start":{"line":36,"column":39},"end":{"line":36,"column":46}},{"start":{"line":36,"column":46},"end":{"line":36,"column":null}}]},"1":{"loc":{"start":{"line":50,"column":41},"end":{"line":50,"column":null}},"type":"cond-expr","locations":[{"start":{"line":50,"column":63},"end":{"line":50,"column":69}},{"start":{"line":50,"column":69},"end":{"line":50,"column":null}}]},"2":{"loc":{"start":{"line":52,"column":13},"end":{"line":52,"column":null}},"type":"binary-expr","locations":[{"start":{"line":52,"column":13},"end":{"line":52,"column":null}}]}},"s":{"0":6,"1":1,"2":1,"3":13,"4":13,"5":7,"6":65,"7":7},"f":{"0":13,"1":7,"2":65,"3":7},"b":{"0":[2,5],"1":[5,60],"2":[65]}}
,"C:\\Users\\USER\\OneDrive\\Documents\\RevoU\\milestone-3-egaherawati10\\src\\app\\component\\LoadingSpinner.jsx": {"path":"C:\\Users\\USER\\OneDrive\\Documents\\RevoU\\milestone-3-egaherawati10\\src\\app\\component\\LoadingSpinner.jsx","statementMap":{"0":{"start":{"line":5,"column":24},"end":{"line":5,"column":39}},"1":{"start":{"line":3,"column":18},"end":{"line":3,"column":null}},"2":{"start":{"line":10,"column":22},"end":{"line":14,"column":null}},"3":{"start":{"line":16,"column":22},"end":{"line":16,"column":57}},"4":{"start":{"line":24,"column":2},"end":{"line":31,"column":null}}},"fnMap":{"0":{"name":"LoadingSpinner","decl":{"start":{"line":5,"column":24},"end":{"line":5,"column":39}},"loc":{"start":{"line":9,"column":1},"end":{"line":39,"column":null}}}},"branchMap":{"0":{"loc":{"start":{"line":6,"column":2},"end":{"line":6,"column":20}},"type":"default-arg","locations":[{"start":{"line":6,"column":15},"end":{"line":6,"column":20}}]},"1":{"loc":{"start":{"line":7,"column":2},"end":{"line":7,"column":13}},"type":"default-arg","locations":[{"start":{"line":7,"column":9},"end":{"line":7,"column":13}}]},"2":{"loc":{"start":{"line":16,"column":22},"end":{"line":16,"column":57}},"type":"binary-expr","locations":[{"start":{"line":16,"column":22},"end":{"line":16,"column":39}},{"start":{"line":16,"column":43},"end":{"line":16,"column":57}}]},"3":{"loc":{"start":{"line":24,"column":2},"end":{"line":31,"column":null}},"type":"if","locations":[{"start":{"line":24,"column":2},"end":{"line":31,"column":null}}]},"4":{"loc":{"start":{"line":28,"column":9},"end":{"line":28,"column":20}},"type":"binary-expr","locations":[{"start":{"line":28,"column":9},"end":{"line":28,"column":20}}]},"5":{"loc":{"start":{"line":36,"column":7},"end":{"line":36,"column":18}},"type":"binary-expr","locations":[{"start":{"line":36,"column":7},"end":{"line":36,"column":18}}]}},"s":{"0":7,"1":1,"2":7,"3":7,"4":7},"f":{"0":7},"b":{"0":[5],"1":[5],"2":[7,0],"3":[2],"4":[2],"5":[5]}}
,"C:\\Users\\USER\\OneDrive\\Documents\\RevoU\\milestone-3-egaherawati10\\src\\app\\component\\ProductCard.jsx": {"path":"C:\\Users\\USER\\OneDrive\\Documents\\RevoU\\milestone-3-egaherawati10\\src\\app\\component\\ProductCard.jsx","statementMap":{"0":{"start":{"line":8,"column":24},"end":{"line":8,"column":36}},"1":{"start":{"line":3,"column":18},"end":{"line":3,"column":null}},"2":{"start":{"line":4,"column":17},"end":{"line":4,"column":null}},"3":{"start":{"line":5,"column":31},"end":{"line":5,"column":null}},"4":{"start":{"line":6,"column":31},"end":{"line":6,"column":null}},"5":{"start":{"line":9,"column":20},"end":{"line":9,"column":null}},"6":{"start":{"line":9,"column":46},"end":{"line":9,"column":61}},"7":{"start":{"line":25,"column":25},"end":{"line":25,"column":null}}},"fnMap":{"0":{"name":"ProductCard","decl":{"start":{"line":8,"column":24},"end":{"line":8,"column":36}},"loc":{"start":{"line":8,"column":47},"end":{"line":33,"column":null}}},"1":{"name":"(anonymous_3)","decl":{"start":{"line":9,"column":35},"end":{"line":9,"column":36}},"loc":{"start":{"line":9,"column":46},"end":{"line":9,"column":61}}},"2":{"name":"(anonymous_4)","decl":{"start":{"line":25,"column":19},"end":{"line":25,"column":25}},"loc":{"start":{"line":25,"column":25},"end":{"line":25,"column":null}}}},"branchMap":{"0":{"loc":{"start":{"line":15,"column":15},"end":{"line":15,"column":null}},"type":"binary-expr","locations":[{"start":{"line":15,"column":15},"end":{"line":15,"column":34}},{"start":{"line":15,"column":38},"end":{"line":15,"column":null}}]}},"s":{"0":3,"1":1,"2":1,"3":1,"4":1,"5":3,"6":0,"7":1},"f":{"0":3,"1":0,"2":1},"b":{"0":[3,1]}}
,"C:\\Users\\USER\\OneDrive\\Documents\\RevoU\\milestone-3-egaherawati10\\src\\app\\component\\SessionProviderWrapper.jsx": {"path":"C:\\Users\\USER\\OneDrive\\Documents\\RevoU\\milestone-3-egaherawati10\\src\\app\\component\\SessionProviderWrapper.jsx","statementMap":{"0":{"start":{"line":5,"column":24},"end":{"line":5,"column":47}},"1":{"start":{"line":3,"column":32},"end":{"line":3,"column":null}}},"fnMap":{"0":{"name":"SessionProviderWrapper","decl":{"start":{"line":5,"column":24},"end":{"line":5,"column":47}},"loc":{"start":{"line":5,"column":59},"end":{"line":7,"column":null}}}},"branchMap":{},"s":{"0":1,"1":1},"f":{"0":1},"b":{}}
,"C:\\Users\\USER\\OneDrive\\Documents\\RevoU\\milestone-3-egaherawati10\\src\\app\\dashboard\\layout.jsx": {"path":"C:\\Users\\USER\\OneDrive\\Documents\\RevoU\\milestone-3-egaherawati10\\src\\app\\dashboard\\layout.jsx","statementMap":{"0":{"start":{"line":6,"column":24},"end":{"line":6,"column":36}},"1":{"start":{"line":1,"column":13},"end":{"line":1,"column":21}},"2":{"start":{"line":1,"column":24},"end":{"line":4,"column":null}},"3":{"start":{"line":7,"column":2},"end":{"line":7,"column":null}}},"fnMap":{"0":{"name":"AdminLayout","decl":{"start":{"line":6,"column":24},"end":{"line":6,"column":36}},"loc":{"start":{"line":6,"column":48},"end":{"line":8,"column":1}}}},"branchMap":{},"s":{"0":0,"1":0,"2":0,"3":0},"f":{"0":0},"b":{}}
,"C:\\Users\\USER\\OneDrive\\Documents\\RevoU\\milestone-3-egaherawati10\\src\\app\\dashboard\\page.jsx": {"path":"C:\\Users\\USER\\OneDrive\\Documents\\RevoU\\milestone-3-egaherawati10\\src\\app\\dashboard\\page.jsx","statementMap":{"0":{"start":{"line":8,"column":24},"end":{"line":8,"column":null}},"1":{"start":{"line":3,"column":36},"end":{"line":3,"column":null}},"2":{"start":{"line":4,"column":26},"end":{"line":4,"column":null}},"3":{"start":{"line":5,"column":26},"end":{"line":5,"column":null}},"4":{"start":{"line":6,"column":17},"end":{"line":6,"column":null}},"5":{"start":{"line":9,"column":36},"end":{"line":9,"column":null}},"6":{"start":{"line":10,"column":17},"end":{"line":10,"column":null}},"7":{"start":{"line":12,"column":2},"end":{"line":20,"column":null}},"8":{"start":{"line":13,"column":4},"end":{"line":13,"column":null}},"9":{"start":{"line":13,"column":30},"end":{"line":13,"column":null}},"10":{"start":{"line":15,"column":4},"end":{"line":19,"column":null}},"11":{"start":{"line":16,"column":6},"end":{"line":16,"column":null}},"12":{"start":{"line":17,"column":11},"end":{"line":19,"column":null}},"13":{"start":{"line":18,"column":6},"end":{"line":18,"column":34}},"14":{"start":{"line":29,"column":23},"end":{"line":29,"column":null}}},"fnMap":{"0":{"name":"AdminDashboard","decl":{"start":{"line":8,"column":24},"end":{"line":8,"column":null}},"loc":{"start":{"line":8,"column":24},"end":{"line":42,"column":null}}},"1":{"name":"(anonymous_3)","decl":{"start":{"line":12,"column":12},"end":{"line":12,"column":null}},"loc":{"start":{"line":12,"column":12},"end":{"line":20,"column":5}}},"2":{"name":"(anonymous_4)","decl":{"start":{"line":29,"column":17},"end":{"line":29,"column":23}},"loc":{"start":{"line":29,"column":23},"end":{"line":29,"column":null}}}},"branchMap":{"0":{"loc":{"start":{"line":13,"column":4},"end":{"line":13,"column":null}},"type":"if","locations":[{"start":{"line":13,"column":4},"end":{"line":13,"column":null}}]},"1":{"loc":{"start":{"line":15,"column":4},"end":{"line":19,"column":null}},"type":"if","locations":[{"start":{"line":15,"column":4},"end":{"line":19,"column":null}},{"start":{"line":17,"column":11},"end":{"line":19,"column":null}}]},"2":{"loc":{"start":{"line":17,"column":11},"end":{"line":19,"column":null}},"type":"if","locations":[{"start":{"line":17,"column":11},"end":{"line":19,"column":null}}]}},"s":{"0":4,"1":1,"2":1,"3":1,"4":1,"5":4,"6":4,"7":4,"8":4,"9":1,"10":3,"11":1,"12":2,"13":1,"14":0},"f":{"0":4,"1":4,"2":0},"b":{"0":[1],"1":[1,2],"2":[1]}}
,"C:\\Users\\USER\\OneDrive\\Documents\\RevoU\\milestone-3-egaherawati10\\src\\app\\dashboard\\products\\AdminProductClient.jsx": {"path":"C:\\Users\\USER\\OneDrive\\Documents\\RevoU\\milestone-3-egaherawati10\\src\\app\\dashboard\\products\\AdminProductClient.jsx","statementMap":{"0":{"start":{"line":6,"column":24},"end":{"line":6,"column":43}},"1":{"start":{"line":3,"column":43},"end":{"line":3,"column":null}},"2":{"start":{"line":4,"column":18},"end":{"line":4,"column":null}},"3":{"start":{"line":7,"column":34},"end":{"line":7,"column":null}},"4":{"start":{"line":8,"column":26},"end":{"line":13,"column":null}},"5":{"start":{"line":14,"column":50},"end":{"line":14,"column":null}},"6":{"start":{"line":15,"column":32},"end":{"line":15,"column":null}},"7":{"start":{"line":16,"column":28},"end":{"line":16,"column":null}},"8":{"start":{"line":19,"column":2},"end":{"line":21,"column":null}},"9":{"start":{"line":20,"column":4},"end":{"line":20,"column":null}},"10":{"start":{"line":23,"column":24},"end":{"line":33,"column":null}},"11":{"start":{"line":24,"column":4},"end":{"line":24,"column":null}},"12":{"start":{"line":25,"column":4},"end":{"line":31,"column":null}},"13":{"start":{"line":26,"column":18},"end":{"line":26,"column":null}},"14":{"start":{"line":27,"column":6},"end":{"line":27,"column":null}},"15":{"start":{"line":28,"column":6},"end":{"line":28,"column":null}},"16":{"start":{"line":30,"column":6},"end":{"line":30,"column":null}},"17":{"start":{"line":32,"column":4},"end":{"line":32,"column":null}},"18":{"start":{"line":35,"column":23},"end":{"line":36,"column":null}},"19":{"start":{"line":36,"column":4},"end":{"line":36,"column":null}},"20":{"start":{"line":38,"column":23},"end":{"line":68,"column":null}},"21":{"start":{"line":39,"column":4},"end":{"line":39,"column":null}},"22":{"start":{"line":40,"column":4},"end":{"line":40,"column":null}},"23":{"start":{"line":42,"column":20},"end":{"line":50,"column":null}},"24":{"start":{"line":52,"column":4},"end":{"line":66,"column":null}},"25":{"start":{"line":53,"column":6},"end":{"line":61,"column":null}},"26":{"start":{"line":54,"column":8},"end":{"line":56,"column":null}},"27":{"start":{"line":58,"column":8},"end":{"line":58,"column":null}},"28":{"start":{"line":60,"column":8},"end":{"line":60,"column":null}},"29":{"start":{"line":62,"column":6},"end":{"line":62,"column":null}},"30":{"start":{"line":63,"column":6},"end":{"line":63,"column":null}},"31":{"start":{"line":65,"column":6},"end":{"line":65,"column":null}},"32":{"start":{"line":67,"column":4},"end":{"line":67,"column":null}},"33":{"start":{"line":70,"column":21},"end":{"line":78,"column":null}},"34":{"start":{"line":71,"column":4},"end":{"line":76,"column":null}},"35":{"start":{"line":77,"column":4},"end":{"line":77,"column":null}},"36":{"start":{"line":80,"column":23},"end":{"line":89,"column":null}},"37":{"start":{"line":81,"column":4},"end":{"line":81,"column":null}},"38":{"start":{"line":82,"column":4},"end":{"line":87,"column":null}},"39":{"start":{"line":83,"column":6},"end":{"line":83,"column":null}},"40":{"start":{"line":84,"column":6},"end":{"line":84,"column":null}},"41":{"start":{"line":86,"column":6},"end":{"line":86,"column":null}},"42":{"start":{"line":88,"column":4},"end":{"line":88,"column":null}},"43":{"start":{"line":143,"column":10},"end":{"line":144,"column":null}},"44":{"start":{"line":159,"column":31},"end":{"line":159,"column":null}},"45":{"start":{"line":165,"column":31},"end":{"line":165,"column":null}}},"fnMap":{"0":{"name":"AdminProductClient","decl":{"start":{"line":6,"column":24},"end":{"line":6,"column":43}},"loc":{"start":{"line":6,"column":62},"end":{"line":176,"column":null}}},"1":{"name":"(anonymous_6)","decl":{"start":{"line":19,"column":12},"end":{"line":19,"column":null}},"loc":{"start":{"line":19,"column":12},"end":{"line":21,"column":5}}},"2":{"name":"(anonymous_7)","decl":{"start":{"line":23,"column":24},"end":{"line":23,"column":null}},"loc":{"start":{"line":23,"column":24},"end":{"line":33,"column":null}}},"3":{"name":"(anonymous_8)","decl":{"start":{"line":35,"column":23},"end":{"line":35,"column":24}},"loc":{"start":{"line":36,"column":4},"end":{"line":36,"column":null}}},"4":{"name":"(anonymous_9)","decl":{"start":{"line":38,"column":23},"end":{"line":38,"column":30}},"loc":{"start":{"line":38,"column":30},"end":{"line":68,"column":null}}},"5":{"name":"(anonymous_10)","decl":{"start":{"line":70,"column":21},"end":{"line":70,"column":22}},"loc":{"start":{"line":70,"column":22},"end":{"line":78,"column":null}}},"6":{"name":"(anonymous_11)","decl":{"start":{"line":80,"column":23},"end":{"line":80,"column":30}},"loc":{"start":{"line":80,"column":30},"end":{"line":89,"column":null}}},"7":{"name":"(anonymous_12)","decl":{"start":{"line":142,"column":22},"end":{"line":142,"column":23}},"loc":{"start":{"line":143,"column":10},"end":{"line":144,"column":null}}},"8":{"name":"(anonymous_13)","decl":{"start":{"line":159,"column":25},"end":{"line":159,"column":31}},"loc":{"start":{"line":159,"column":31},"end":{"line":159,"column":null}}},"9":{"name":"(anonymous_14)","decl":{"start":{"line":165,"column":25},"end":{"line":165,"column":31}},"loc":{"start":{"line":165,"column":31},"end":{"line":165,"column":null}}}},"branchMap":{"0":{"loc":{"start":{"line":47,"column":14},"end":{"line":49,"column":null}},"type":"cond-expr","locations":[{"start":{"line":48,"column":10},"end":{"line":48,"column":null}},{"start":{"line":49,"column":10},"end":{"line":49,"column":null}}]},"1":{"loc":{"start":{"line":53,"column":6},"end":{"line":61,"column":null}},"type":"if","locations":[{"start":{"line":53,"column":6},"end":{"line":61,"column":null}},{"start":{"line":59,"column":13},"end":{"line":61,"column":null}}]},"2":{"loc":{"start":{"line":75,"column":16},"end":{"line":75,"column":null}},"type":"binary-expr","locations":[{"start":{"line":75,"column":16},"end":{"line":75,"column":35}},{"start":{"line":75,"column":39},"end":{"line":75,"column":null}}]},"3":{"loc":{"start":{"line":134,"column":11},"end":{"line":134,"column":50}},"type":"cond-expr","locations":[{"start":{"line":134,"column":30},"end":{"line":134,"column":41}},{"start":{"line":134,"column":41},"end":{"line":134,"column":50}}]},"4":{"loc":{"start":{"line":138,"column":7},"end":{"line":138,"column":16}},"type":"binary-expr","locations":[{"start":{"line":138,"column":7},"end":{"line":138,"column":16}}]},"5":{"loc":{"start":{"line":139,"column":7},"end":{"line":139,"column":18}},"type":"binary-expr","locations":[{"start":{"line":139,"column":7},"end":{"line":139,"column":18}}]}},"s":{"0":4,"1":1,"2":1,"3":16,"4":16,"5":16,"6":16,"7":16,"8":16,"9":4,"10":16,"11":2,"12":2,"13":2,"14":2,"15":2,"16":0,"17":2,"18":16,"19":4,"20":16,"21":1,"22":1,"23":1,"24":1,"25":1,"26":0,"27":0,"28":1,"29":1,"30":1,"31":0,"32":1,"33":16,"34":0,"35":0,"36":16,"37":1,"38":1,"39":1,"40":1,"41":0,"42":1,"43":4,"44":0,"45":1},"f":{"0":16,"1":4,"2":2,"3":4,"4":1,"5":0,"6":1,"7":4,"8":0,"9":1},"b":{"0":[1,0],"1":[0,1],"2":[0,0],"3":[0,16],"4":[16],"5":[16]}}
,"C:\\Users\\USER\\OneDrive\\Documents\\RevoU\\milestone-3-egaherawati10\\src\\app\\dashboard\\products\\page.jsx": {"path":"C:\\Users\\USER\\OneDrive\\Documents\\RevoU\\milestone-3-egaherawati10\\src\\app\\dashboard\\products\\page.jsx","statementMap":{"0":{"start":{"line":3,"column":30},"end":{"line":3,"column":null}},"1":{"start":{"line":1,"column":31},"end":{"line":1,"column":null}},"2":{"start":{"line":4,"column":17},"end":{"line":4,"column":19}},"3":{"start":{"line":6,"column":2},"end":{"line":13,"column":null}},"4":{"start":{"line":7,"column":16},"end":{"line":7,"column":null}},"5":{"start":{"line":9,"column":17},"end":{"line":9,"column":null}},"6":{"start":{"line":10,"column":4},"end":{"line":10,"column":null}},"7":{"start":{"line":12,"column":4},"end":{"line":12,"column":null}}},"fnMap":{"0":{"name":"AdminProductPage","decl":{"start":{"line":3,"column":30},"end":{"line":3,"column":null}},"loc":{"start":{"line":3,"column":30},"end":{"line":16,"column":null}}}},"branchMap":{},"s":{"0":2,"1":1,"2":2,"3":2,"4":2,"5":1,"6":1,"7":1},"f":{"0":2},"b":{}}
,"C:\\Users\\USER\\OneDrive\\Documents\\RevoU\\milestone-3-egaherawati10\\src\\app\\login\\page.jsx": {"path":"C:\\Users\\USER\\OneDrive\\Documents\\RevoU\\milestone-3-egaherawati10\\src\\app\\login\\page.jsx","statementMap":{"0":{"start":{"line":7,"column":24},"end":{"line":7,"column":null}},"1":{"start":{"line":3,"column":35},"end":{"line":3,"column":null}},"2":{"start":{"line":4,"column":36},"end":{"line":4,"column":null}},"3":{"start":{"line":5,"column":26},"end":{"line":5,"column":null}},"4":{"start":{"line":8,"column":36},"end":{"line":8,"column":null}},"5":{"start":{"line":9,"column":28},"end":{"line":9,"column":null}},"6":{"start":{"line":10,"column":34},"end":{"line":10,"column":null}},"7":{"start":{"line":11,"column":28},"end":{"line":11,"column":null}},"8":{"start":{"line":12,"column":32},"end":{"line":12,"column":null}},"9":{"start":{"line":13,"column":32},"end":{"line":13,"column":null}},"10":{"start":{"line":14,"column":17},"end":{"line":14,"column":null}},"11":{"start":{"line":16,"column":2},"end":{"line":18,"column":null}},"12":{"start":{"line":17,"column":4},"end":{"line":17,"column":null}},"13":{"start":{"line":21,"column":2},"end":{"line":29,"column":null}},"14":{"start":{"line":22,"column":4},"end":{"line":28,"column":null}},"15":{"start":{"line":23,"column":6},"end":{"line":27,"column":null}},"16":{"start":{"line":24,"column":8},"end":{"line":24,"column":null}},"17":{"start":{"line":26,"column":8},"end":{"line":26,"column":null}},"18":{"start":{"line":31,"column":23},"end":{"line":56,"column":null}},"19":{"start":{"line":32,"column":4},"end":{"line":32,"column":null}},"20":{"start":{"line":33,"column":4},"end":{"line":33,"column":null}},"21":{"start":{"line":34,"column":4},"end":{"line":34,"column":null}},"22":{"start":{"line":36,"column":16},"end":{"line":40,"column":null}},"23":{"start":{"line":42,"column":4},"end":{"line":42,"column":null}},"24":{"start":{"line":44,"column":4},"end":{"line":55,"column":null}},"25":{"start":{"line":45,"column":25},"end":{"line":45,"column":null}},"26":{"start":{"line":46,"column":22},"end":{"line":46,"column":null}},"27":{"start":{"line":48,"column":6},"end":{"line":52,"column":null}},"28":{"start":{"line":49,"column":8},"end":{"line":49,"column":null}},"29":{"start":{"line":51,"column":8},"end":{"line":51,"column":null}},"30":{"start":{"line":54,"column":6},"end":{"line":54,"column":null}},"31":{"start":{"line":58,"column":2},"end":{"line":60,"column":null}},"32":{"start":{"line":59,"column":4},"end":{"line":59,"column":17}},"33":{"start":{"line":73,"column":27},"end":{"line":73,"column":null}},"34":{"start":{"line":81,"column":27},"end":{"line":81,"column":null}}},"fnMap":{"0":{"name":"LoginPage","decl":{"start":{"line":7,"column":24},"end":{"line":7,"column":null}},"loc":{"start":{"line":7,"column":24},"end":{"line":98,"column":null}}},"1":{"name":"(anonymous_2)","decl":{"start":{"line":16,"column":12},"end":{"line":16,"column":null}},"loc":{"start":{"line":16,"column":12},"end":{"line":18,"column":5}}},"2":{"name":"(anonymous_3)","decl":{"start":{"line":21,"column":12},"end":{"line":21,"column":null}},"loc":{"start":{"line":21,"column":12},"end":{"line":29,"column":5}}},"3":{"name":"(anonymous_4)","decl":{"start":{"line":31,"column":23},"end":{"line":31,"column":30}},"loc":{"start":{"line":31,"column":30},"end":{"line":56,"column":null}}},"4":{"name":"(anonymous_5)","decl":{"start":{"line":73,"column":20},"end":{"line":73,"column":21}},"loc":{"start":{"line":73,"column":27},"end":{"line":73,"column":null}}},"5":{"name":"(anonymous_6)","decl":{"start":{"line":81,"column":20},"end":{"line":81,"column":21}},"loc":{"start":{"line":81,"column":27},"end":{"line":81,"column":null}}}},"branchMap":{"0":{"loc":{"start":{"line":22,"column":4},"end":{"line":28,"column":null}},"type":"if","locations":[{"start":{"line":22,"column":4},"end":{"line":28,"column":null}}]},"1":{"loc":{"start":{"line":23,"column":6},"end":{"line":27,"column":null}},"type":"if","locations":[{"start":{"line":23,"column":6},"end":{"line":27,"column":null}},{"start":{"line":25,"column":13},"end":{"line":27,"column":null}}]},"2":{"loc":{"start":{"line":44,"column":4},"end":{"line":55,"column":null}},"type":"if","locations":[{"start":{"line":44,"column":4},"end":{"line":55,"column":null}},{"start":{"line":53,"column":11},"end":{"line":55,"column":null}}]},"3":{"loc":{"start":{"line":48,"column":6},"end":{"line":52,"column":null}},"type":"if","locations":[{"start":{"line":48,"column":6},"end":{"line":52,"column":null}},{"start":{"line":50,"column":13},"end":{"line":52,"column":null}}]},"4":{"loc":{"start":{"line":58,"column":2},"end":{"line":60,"column":null}},"type":"if","locations":[{"start":{"line":58,"column":2},"end":{"line":60,"column":null}}]},"5":{"loc":{"start":{"line":58,"column":6},"end":{"line":58,"column":40}},"type":"binary-expr","locations":[{"start":{"line":58,"column":6},"end":{"line":58,"column":18}},{"start":{"line":58,"column":18},"end":{"line":58,"column":40}}]},"6":{"loc":{"start":{"line":90,"column":11},"end":{"line":90,"column":null}},"type":"cond-expr","locations":[{"start":{"line":90,"column":21},"end":{"line":90,"column":39}},{"start":{"line":90,"column":39},"end":{"line":90,"column":null}}]},"7":{"loc":{"start":{"line":92,"column":9},"end":{"line":92,"column":18}},"type":"binary-expr","locations":[{"start":{"line":92,"column":9},"end":{"line":92,"column":18}}]}},"s":{"0":6,"1":1,"2":1,"3":1,"4":18,"5":18,"6":18,"7":18,"8":18,"9":18,"10":18,"11":18,"12":6,"13":18,"14":6,"15":2,"16":1,"17":1,"18":18,"19":0,"20":0,"21":0,"22":0,"23":0,"24":0,"25":0,"26":0,"27":0,"28":0,"29":0,"30":0,"31":18,"32":6,"33":3,"34":3},"f":{"0":18,"1":6,"2":6,"3":0,"4":3,"5":3},"b":{"0":[2],"1":[1,1],"2":[0,0],"3":[0,0],"4":[6],"5":[18,12],"6":[0,12],"7":[12]}}
,"C:\\Users\\USER\\OneDrive\\Documents\\RevoU\\milestone-3-egaherawati10\\src\\app\\logout\\page.jsx": {"path":"C:\\Users\\USER\\OneDrive\\Documents\\RevoU\\milestone-3-egaherawati10\\src\\app\\logout\\page.jsx","statementMap":{"0":{"start":{"line":7,"column":24},"end":{"line":7,"column":null}},"1":{"start":{"line":3,"column":18},"end":{"line":3,"column":null}},"2":{"start":{"line":5,"column":26},"end":{"line":5,"column":null}},"3":{"start":{"line":8,"column":19},"end":{"line":8,"column":null}},"4":{"start":{"line":10,"column":4},"end":{"line":18,"column":null}},"5":{"start":{"line":12,"column":8},"end":{"line":12,"column":null}},"6":{"start":{"line":15,"column":8},"end":{"line":17,"column":null}},"7":{"start":{"line":16,"column":12},"end":{"line":16,"column":null}}},"fnMap":{"0":{"name":"LogoutPage","decl":{"start":{"line":7,"column":24},"end":{"line":7,"column":null}},"loc":{"start":{"line":7,"column":24},"end":{"line":26,"column":null}}},"1":{"name":"(anonymous_5)","decl":{"start":{"line":10,"column":14},"end":{"line":10,"column":null}},"loc":{"start":{"line":10,"column":14},"end":{"line":18,"column":7}}},"2":{"name":"(anonymous_6)","decl":{"start":{"line":15,"column":19},"end":{"line":15,"column":null}},"loc":{"start":{"line":15,"column":19},"end":{"line":17,"column":11}}}},"branchMap":{},"s":{"0":3,"1":1,"2":1,"3":3,"4":3,"5":3,"6":3,"7":1},"f":{"0":3,"1":3,"2":1},"b":{}}
,"C:\\Users\\USER\\OneDrive\\Documents\\RevoU\\milestone-3-egaherawati10\\src\\app\\product\\[id]\\page.jsx": {"path":"C:\\Users\\USER\\OneDrive\\Documents\\RevoU\\milestone-3-egaherawati10\\src\\app\\product\\[id]\\page.jsx","statementMap":{"0":{"start":{"line":3,"column":30},"end":{"line":3,"column":42}},"1":{"start":{"line":1,"column":17},"end":{"line":1,"column":null}},"2":{"start":{"line":4,"column":13},"end":{"line":4,"column":22}},"3":{"start":{"line":6,"column":14},"end":{"line":6,"column":null}},"4":{"start":{"line":7,"column":18},"end":{"line":7,"column":null}}},"fnMap":{"0":{"name":"ProductPage","decl":{"start":{"line":3,"column":30},"end":{"line":3,"column":42}},"loc":{"start":{"line":3,"column":52},"end":{"line":28,"column":null}}}},"branchMap":{"0":{"loc":{"start":{"line":14,"column":15},"end":{"line":14,"column":81}},"type":"cond-expr","locations":[{"start":{"line":14,"column":47},"end":{"line":14,"column":64}},{"start":{"line":14,"column":67},"end":{"line":14,"column":81}}]}},"s":{"0":0,"1":1,"2":0,"3":0,"4":0},"f":{"0":0},"b":{"0":[0,0]}}
,"C:\\Users\\USER\\OneDrive\\Documents\\RevoU\\milestone-3-egaherawati10\\src\\app\\profile\\page.jsx": {"path":"C:\\Users\\USER\\OneDrive\\Documents\\RevoU\\milestone-3-egaherawati10\\src\\app\\profile\\page.jsx","statementMap":{"0":{"start":{"line":7,"column":24},"end":{"line":7,"column":null}},"1":{"start":{"line":3,"column":36},"end":{"line":3,"column":null}},"2":{"start":{"line":4,"column":26},"end":{"line":4,"column":null}},"3":{"start":{"line":5,"column":26},"end":{"line":5,"column":null}},"4":{"start":{"line":8,"column":36},"end":{"line":8,"column":null}},"5":{"start":{"line":9,"column":17},"end":{"line":9,"column":null}},"6":{"start":{"line":11,"column":2},"end":{"line":21,"column":null}},"7":{"start":{"line":12,"column":4},"end":{"line":12,"column":null}},"8":{"start":{"line":12,"column":30},"end":{"line":12,"column":null}},"9":{"start":{"line":14,"column":4},"end":{"line":16,"column":null}},"10":{"start":{"line":15,"column":6},"end":{"line":15,"column":null}},"11":{"start":{"line":18,"column":4},"end":{"line":20,"column":null}},"12":{"start":{"line":19,"column":6},"end":{"line":19,"column":36}},"13":{"start":{"line":30,"column":23},"end":{"line":30,"column":null}}},"fnMap":{"0":{"name":"UserProfile","decl":{"start":{"line":7,"column":24},"end":{"line":7,"column":null}},"loc":{"start":{"line":7,"column":24},"end":{"line":37,"column":null}}},"1":{"name":"(anonymous_2)","decl":{"start":{"line":11,"column":12},"end":{"line":11,"column":null}},"loc":{"start":{"line":11,"column":12},"end":{"line":21,"column":5}}},"2":{"name":"(anonymous_3)","decl":{"start":{"line":30,"column":17},"end":{"line":30,"column":23}},"loc":{"start":{"line":30,"column":23},"end":{"line":30,"column":null}}}},"branchMap":{"0":{"loc":{"start":{"line":12,"column":4},"end":{"line":12,"column":null}},"type":"if","locations":[{"start":{"line":12,"column":4},"end":{"line":12,"column":null}}]},"1":{"loc":{"start":{"line":14,"column":4},"end":{"line":16,"column":null}},"type":"if","locations":[{"start":{"line":14,"column":4},"end":{"line":16,"column":null}}]},"2":{"loc":{"start":{"line":18,"column":4},"end":{"line":20,"column":null}},"type":"if","locations":[{"start":{"line":18,"column":4},"end":{"line":20,"column":null}}]}},"s":{"0":5,"1":1,"2":1,"3":1,"4":5,"5":5,"6":5,"7":5,"8":1,"9":4,"10":1,"11":4,"12":1,"13":1},"f":{"0":5,"1":5,"2":1},"b":{"0":[1],"1":[1],"2":[1]}}
,"C:\\Users\\USER\\OneDrive\\Documents\\RevoU\\milestone-3-egaherawati10\\src\\app\\register\\page.jsx": {"path":"C:\\Users\\USER\\OneDrive\\Documents\\RevoU\\milestone-3-egaherawati10\\src\\app\\register\\page.jsx","statementMap":{"0":{"start":{"line":7,"column":24},"end":{"line":7,"column":null}},"1":{"start":{"line":3,"column":18},"end":{"line":3,"column":null}},"2":{"start":{"line":5,"column":26},"end":{"line":5,"column":null}},"3":{"start":{"line":8,"column":30},"end":{"line":8,"column":null}},"4":{"start":{"line":9,"column":36},"end":{"line":9,"column":null}},"5":{"start":{"line":10,"column":34},"end":{"line":10,"column":null}},"6":{"start":{"line":11,"column":30},"end":{"line":11,"column":null}},"7":{"start":{"line":12,"column":19},"end":{"line":12,"column":null}},"8":{"start":{"line":14,"column":27},"end":{"line":23,"column":null}},"9":{"start":{"line":15,"column":8},"end":{"line":15,"column":null}},"10":{"start":{"line":16,"column":8},"end":{"line":16,"column":null}},"11":{"start":{"line":17,"column":8},"end":{"line":17,"column":null}},"12":{"start":{"line":20,"column":8},"end":{"line":20,"column":null}},"13":{"start":{"line":21,"column":8},"end":{"line":21,"column":null}},"14":{"start":{"line":22,"column":8},"end":{"line":22,"column":null}},"15":{"start":{"line":29,"column":87},"end":{"line":29,"column":113}},"16":{"start":{"line":30,"column":96},"end":{"line":30,"column":125}}},"fnMap":{"0":{"name":"RegisterPage","decl":{"start":{"line":7,"column":24},"end":{"line":7,"column":null}},"loc":{"start":{"line":7,"column":24},"end":{"line":40,"column":null}}},"1":{"name":"(anonymous_5)","decl":{"start":{"line":14,"column":27},"end":{"line":14,"column":34}},"loc":{"start":{"line":14,"column":34},"end":{"line":23,"column":null}}},"2":{"name":"(anonymous_6)","decl":{"start":{"line":29,"column":80},"end":{"line":29,"column":81}},"loc":{"start":{"line":29,"column":87},"end":{"line":29,"column":113}}},"3":{"name":"(anonymous_7)","decl":{"start":{"line":30,"column":89},"end":{"line":30,"column":90}},"loc":{"start":{"line":30,"column":96},"end":{"line":30,"column":125}}}},"branchMap":{"0":{"loc":{"start":{"line":33,"column":13},"end":{"line":33,"column":null}},"type":"cond-expr","locations":[{"start":{"line":33,"column":23},"end":{"line":33,"column":52}},{"start":{"line":33,"column":52},"end":{"line":33,"column":null}}]},"1":{"loc":{"start":{"line":35,"column":11},"end":{"line":35,"column":20}},"type":"binary-expr","locations":[{"start":{"line":35,"column":11},"end":{"line":35,"column":20}}]}},"s":{"0":3,"1":1,"2":1,"3":9,"4":9,"5":9,"6":9,"7":9,"8":9,"9":2,"10":2,"11":2,"12":2,"13":2,"14":2,"15":2,"16":2},"f":{"0":9,"1":2,"2":2,"3":2},"b":{"0":[2,7],"1":[9]}}
,"C:\\Users\\USER\\OneDrive\\Documents\\RevoU\\milestone-3-egaherawati10\\src\\app\\stores\\CartStorage.jsx": {"path":"C:\\Users\\USER\\OneDrive\\Documents\\RevoU\\milestone-3-egaherawati10\\src\\app\\stores\\CartStorage.jsx","statementMap":{"0":{"start":{"line":7,"column":13},"end":{"line":7,"column":30}},"1":{"start":{"line":3,"column":18},"end":{"line":3,"column":null}},"2":{"start":{"line":4,"column":23},"end":{"line":4,"column":null}},"3":{"start":{"line":5,"column":24},"end":{"line":5,"column":null}},"4":{"start":{"line":7,"column":30},"end":{"line":59,"column":null}},"5":{"start":{"line":9,"column":23},"end":{"line":56,"column":null}},"6":{"start":{"line":13,"column":23},"end":{"line":13,"column":null}},"7":{"start":{"line":13,"column":54},"end":{"line":13,"column":76}},"8":{"start":{"line":15,"column":12},"end":{"line":27,"column":null}},"9":{"start":{"line":16,"column":16},"end":{"line":22,"column":null}},"10":{"start":{"line":18,"column":24},"end":{"line":20,"column":null}},"11":{"start":{"line":24,"column":16},"end":{"line":26,"column":null}},"12":{"start":{"line":31,"column":8},"end":{"line":35,"column":null}},"13":{"start":{"line":33,"column":12},"end":{"line":34,"column":null}},"14":{"start":{"line":39,"column":8},"end":{"line":44,"column":null}},"15":{"start":{"line":41,"column":12},"end":{"line":42,"column":null}},"16":{"start":{"line":43,"column":26},"end":{"line":43,"column":null}},"17":{"start":{"line":48,"column":12},"end":{"line":50,"column":null}},"18":{"start":{"line":49,"column":56},"end":{"line":49,"column":null}},"19":{"start":{"line":54,"column":12},"end":{"line":54,"column":null}}},"fnMap":{"0":{"name":"(anonymous_2)","decl":{"start":{"line":9,"column":8},"end":{"line":9,"column":9}},"loc":{"start":{"line":9,"column":23},"end":{"line":56,"column":null}}},"1":{"name":"(anonymous_3)","decl":{"start":{"line":12,"column":15},"end":{"line":12,"column":16}},"loc":{"start":{"line":12,"column":16},"end":{"line":28,"column":null}}},"2":{"name":"(anonymous_4)","decl":{"start":{"line":13,"column":44},"end":{"line":13,"column":45}},"loc":{"start":{"line":13,"column":54},"end":{"line":13,"column":76}}},"3":{"name":"(anonymous_5)","decl":{"start":{"line":17,"column":51},"end":{"line":17,"column":52}},"loc":{"start":{"line":18,"column":24},"end":{"line":20,"column":null}}},"4":{"name":"(anonymous_6)","decl":{"start":{"line":30,"column":23},"end":{"line":30,"column":24}},"loc":{"start":{"line":30,"column":24},"end":{"line":36,"column":null}}},"5":{"name":"(anonymous_7)","decl":{"start":{"line":32,"column":43},"end":{"line":32,"column":44}},"loc":{"start":{"line":33,"column":12},"end":{"line":34,"column":null}}},"6":{"name":"(anonymous_8)","decl":{"start":{"line":38,"column":27},"end":{"line":38,"column":28}},"loc":{"start":{"line":38,"column":28},"end":{"line":45,"column":null}}},"7":{"name":"(anonymous_9)","decl":{"start":{"line":40,"column":43},"end":{"line":40,"column":44}},"loc":{"start":{"line":41,"column":12},"end":{"line":42,"column":null}}},"8":{"name":"(anonymous_10)","decl":{"start":{"line":43,"column":16},"end":{"line":43,"column":17}},"loc":{"start":{"line":43,"column":26},"end":{"line":43,"column":null}}},"9":{"name":"(anonymous_11)","decl":{"start":{"line":47,"column":20},"end":{"line":47,"column":21}},"loc":{"start":{"line":47,"column":21},"end":{"line":51,"column":null}}},"10":{"name":"(anonymous_12)","decl":{"start":{"line":49,"column":46},"end":{"line":49,"column":47}},"loc":{"start":{"line":49,"column":56},"end":{"line":49,"column":null}}},"11":{"name":"(anonymous_13)","decl":{"start":{"line":53,"column":19},"end":{"line":53,"column":null}},"loc":{"start":{"line":53,"column":19},"end":{"line":55,"column":null}}}},"branchMap":{"0":{"loc":{"start":{"line":15,"column":12},"end":{"line":27,"column":null}},"type":"if","locations":[{"start":{"line":15,"column":12},"end":{"line":27,"column":null}},{"start":{"line":23,"column":19},"end":{"line":27,"column":null}}]},"1":{"loc":{"start":{"line":18,"column":24},"end":{"line":20,"column":null}},"type":"cond-expr","locations":[{"start":{"line":19,"column":26},"end":{"line":19,"column":null}},{"start":{"line":20,"column":26},"end":{"line":20,"column":null}}]},"2":{"loc":{"start":{"line":33,"column":12},"end":{"line":34,"column":null}},"type":"cond-expr","locations":[{"start":{"line":34,"column":10},"end":{"line":34,"column":53}},{"start":{"line":34,"column":53},"end":{"line":34,"column":null}}]},"3":{"loc":{"start":{"line":41,"column":12},"end":{"line":42,"column":null}},"type":"cond-expr","locations":[{"start":{"line":42,"column":10},"end":{"line":42,"column":53}},{"start":{"line":42,"column":53},"end":{"line":42,"column":null}}]}},"s":{"0":21,"1":3,"2":3,"3":3,"4":3,"5":3,"6":7,"7":1,"8":7,"9":1,"10":1,"11":6,"12":1,"13":1,"14":2,"15":2,"16":2,"17":1,"18":1,"19":7},"f":{"0":3,"1":7,"2":1,"3":1,"4":1,"5":1,"6":2,"7":2,"8":2,"9":1,"10":1,"11":7},"b":{"0":[1,6],"1":[1,0],"2":[1,0],"3":[2,0]}}
}
