{"C:\\Users\\USER\\OneDrive\\Documents\\RevoU\\milestone-3-egaherawati10\\src\\middleware.jsx": {"path":"C:\\Users\\USER\\OneDrive\\Documents\\RevoU\\milestone-3-egaherawati10\\src\\middleware.jsx","statementMap":{"0":{"start":{"line":42,"column":13},"end":{"line":42,"column":19}},"1":{"start":{"line":4,"column":22},"end":{"line":4,"column":32}},"2":{"start":{"line":1,"column":25},"end":{"line":1,"column":null}},"3":{"start":{"line":2,"column":29},"end":{"line":2,"column":null}},"4":{"start":{"line":5,"column":16},"end":{"line":5,"column":null}},"5":{"start":{"line":6,"column":23},"end":{"line":6,"column":34}},"6":{"start":{"line":9,"column":2},"end":{"line":16,"column":null}},"7":{"start":{"line":10,"column":4},"end":{"line":14,"column":null}},"8":{"start":{"line":12,"column":25},"end":{"line":12,"column":null}},"9":{"start":{"line":13,"column":6},"end":{"line":13,"column":null}},"10":{"start":{"line":15,"column":4},"end":{"line":15,"column":null}},"11":{"start":{"line":19,"column":2},"end":{"line":26,"column":null}},"12":{"start":{"line":20,"column":4},"end":{"line":22,"column":null}},"13":{"start":{"line":21,"column":6},"end":{"line":21,"column":null}},"14":{"start":{"line":23,"column":4},"end":{"line":25,"column":null}},"15":{"start":{"line":24,"column":6},"end":{"line":24,"column":null}},"16":{"start":{"line":29,"column":2},"end":{"line":36,"column":null}},"17":{"start":{"line":30,"column":4},"end":{"line":32,"column":null}},"18":{"start":{"line":31,"column":6},"end":{"line":31,"column":null}},"19":{"start":{"line":33,"column":4},"end":{"line":35,"column":null}},"20":{"start":{"line":34,"column":6},"end":{"line":34,"column":null}},"21":{"start":{"line":38,"column":2},"end":{"line":38,"column":null}},"22":{"start":{"line":42,"column":22},"end":{"line":44,"column":null}}},"fnMap":{"0":{"name":"middleware","decl":{"start":{"line":4,"column":22},"end":{"line":4,"column":32}},"loc":{"start":{"line":4,"column":36},"end":{"line":39,"column":null}}}},"branchMap":{"0":{"loc":{"start":{"line":9,"column":2},"end":{"line":16,"column":null}},"type":"if","locations":[{"start":{"line":9,"column":2},"end":{"line":16,"column":null}}]},"1":{"loc":{"start":{"line":9,"column":6},"end":{"line":9,"column":57}},"type":"binary-expr","locations":[{"start":{"line":9,"column":6},"end":{"line":9,"column":39}},{"start":{"line":9,"column":39},"end":{"line":9,"column":57}}]},"2":{"loc":{"start":{"line":10,"column":4},"end":{"line":14,"column":null}},"type":"if","locations":[{"start":{"line":10,"column":4},"end":{"line":14,"column":null}}]},"3":{"loc":{"start":{"line":12,"column":25},"end":{"line":12,"column":null}},"type":"cond-expr","locations":[{"start":{"line":12,"column":50},"end":{"line":12,"column":65}},{"start":{"line":12,"column":65},"end":{"line":12,"column":null}}]},"4":{"loc":{"start":{"line":19,"column":2},"end":{"line":26,"column":null}},"type":"if","locations":[{"start":{"line":19,"column":2},"end":{"line":26,"column":null}}]},"5":{"loc":{"start":{"line":20,"column":4},"end":{"line":22,"column":null}},"type":"if","locations":[{"start":{"line":20,"column":4},"end":{"line":22,"column":null}}]},"6":{"loc":{"start":{"line":23,"column":4},"end":{"line":25,"column":null}},"type":"if","locations":[{"start":{"line":23,"column":4},"end":{"line":25,"column":null}}]},"7":{"loc":{"start":{"line":29,"column":2},"end":{"line":36,"column":null}},"type":"if","locations":[{"start":{"line":29,"column":2},"end":{"line":36,"column":null}}]},"8":{"loc":{"start":{"line":30,"column":4},"end":{"line":32,"column":null}},"type":"if","locations":[{"start":{"line":30,"column":4},"end":{"line":32,"column":null}}]},"9":{"loc":{"start":{"line":33,"column":4},"end":{"line":35,"column":null}},"type":"if","locations":[{"start":{"line":33,"column":4},"end":{"line":35,"column":null}}]}},"s":{"0":0,"1":0,"2":0,"3":0,"4":0,"5":0,"6":0,"7":0,"8":0,"9":0,"10":0,"11":0,"12":0,"13":0,"14":0,"15":0,"16":0,"17":0,"18":0,"19":0,"20":0,"21":0,"22":0},"f":{"0":0},"b":{"0":[0],"1":[0,0],"2":[0],"3":[0,0],"4":[0],"5":[0],"6":[0],"7":[0],"8":[0],"9":[0]}}
,"C:\\Users\\USER\\OneDrive\\Documents\\RevoU\\milestone-3-egaherawati10\\src\\app\\layout.jsx": {"path":"C:\\Users\\USER\\OneDrive\\Documents\\RevoU\\milestone-3-egaherawati10\\src\\app\\layout.jsx","statementMap":{"0":{"start":{"line":23,"column":24},"end":{"line":23,"column":35}},"1":{"start":{"line":1,"column":18},"end":{"line":1,"column":null}},"2":{"start":{"line":2,"column":34},"end":{"line":2,"column":null}},"3":{"start":{"line":3,"column":7},"end":{"line":3,"column":null}},"4":{"start":{"line":4,"column":31},"end":{"line":4,"column":null}},"5":{"start":{"line":5,"column":7},"end":{"line":5,"column":null}},"6":{"start":{"line":6,"column":35},"end":{"line":6,"column":null}},"7":{"start":{"line":8,"column":18},"end":{"line":11,"column":null}},"8":{"start":{"line":13,"column":18},"end":{"line":16,"column":null}}},"fnMap":{"0":{"name":"RootLayout","decl":{"start":{"line":23,"column":24},"end":{"line":23,"column":35}},"loc":{"start":{"line":23,"column":47},"end":{"line":35,"column":null}}}},"branchMap":{},"s":{"0":3,"1":1,"2":1,"3":1,"4":1,"5":1,"6":1,"7":1,"8":1},"f":{"0":3},"b":{}}
,"C:\\Users\\USER\\OneDrive\\Documents\\RevoU\\milestone-3-egaherawati10\\src\\app\\page.jsx": {"path":"C:\\Users\\USER\\OneDrive\\Documents\\RevoU\\milestone-3-egaherawati10\\src\\app\\page.jsx","statementMap":{"0":{"start":{"line":11,"column":24},"end":{"line":11,"column":null}},"1":{"start":{"line":3,"column":43},"end":{"line":3,"column":null}},"2":{"start":{"line":4,"column":24},"end":{"line":4,"column":null}},"3":{"start":{"line":5,"column":17},"end":{"line":5,"column":null}},"4":{"start":{"line":6,"column":28},"end":{"line":6,"column":null}},"5":{"start":{"line":7,"column":20},"end":{"line":7,"column":null}},"6":{"start":{"line":8,"column":21},"end":{"line":8,"column":null}},"7":{"start":{"line":9,"column":27},"end":{"line":9,"column":null}},"8":{"start":{"line":12,"column":34},"end":{"line":12,"column":null}},"9":{"start":{"line":13,"column":28},"end":{"line":13,"column":null}},"10":{"start":{"line":14,"column":32},"end":{"line":14,"column":null}},"11":{"start":{"line":16,"column":19},"end":{"line":16,"column":null}},"12":{"start":{"line":18,"column":2},"end":{"line":33,"column":null}},"13":{"start":{"line":19,"column":26},"end":{"line":31,"column":null}},"14":{"start":{"line":20,"column":6},"end":{"line":30,"column":null}},"15":{"start":{"line":21,"column":20},"end":{"line":21,"column":null}},"16":{"start":{"line":22,"column":8},"end":{"line":22,"column":null}},"17":{"start":{"line":22,"column":21},"end":{"line":22,"column":null}},"18":{"start":{"line":23,"column":21},"end":{"line":23,"column":null}},"19":{"start":{"line":24,"column":8},"end":{"line":24,"column":null}},"20":{"start":{"line":25,"column":8},"end":{"line":25,"column":null}},"21":{"start":{"line":27,"column":8},"end":{"line":27,"column":null}},"22":{"start":{"line":29,"column":8},"end":{"line":29,"column":null}},"23":{"start":{"line":32,"column":4},"end":{"line":32,"column":null}},"24":{"start":{"line":36,"column":21},"end":{"line":36,"column":null}},"25":{"start":{"line":76,"column":12},"end":{"line":76,"column":42}}},"fnMap":{"0":{"name":"Home","decl":{"start":{"line":11,"column":24},"end":{"line":11,"column":null}},"loc":{"start":{"line":11,"column":24},"end":{"line":84,"column":null}}},"1":{"name":"(anonymous_6)","decl":{"start":{"line":18,"column":12},"end":{"line":18,"column":null}},"loc":{"start":{"line":18,"column":12},"end":{"line":33,"column":5}}},"2":{"name":"(anonymous_7)","decl":{"start":{"line":19,"column":26},"end":{"line":19,"column":null}},"loc":{"start":{"line":19,"column":26},"end":{"line":31,"column":null}}},"3":{"name":"NavLink","decl":{"start":{"line":35,"column":11},"end":{"line":35,"column":19}},"loc":{"start":{"line":35,"column":37},"end":{"line":47,"column":null}}},"4":{"name":"(anonymous_9)","decl":{"start":{"line":75,"column":24},"end":{"line":75,"column":25}},"loc":{"start":{"line":76,"column":12},"end":{"line":76,"column":42}}}},"branchMap":{"0":{"loc":{"start":{"line":22,"column":8},"end":{"line":22,"column":null}},"type":"if","locations":[{"start":{"line":22,"column":8},"end":{"line":22,"column":null}}]},"1":{"loc":{"start":{"line":41,"column":10},"end":{"line":41,"column":null}},"type":"cond-expr","locations":[{"start":{"line":41,"column":21},"end":{"line":41,"column":39}},{"start":{"line":41,"column":39},"end":{"line":41,"column":null}}]}},"s":{"0":4,"1":1,"2":1,"3":1,"4":1,"5":1,"6":1,"7":1,"8":6,"9":6,"10":6,"11":6,"12":6,"13":4,"14":4,"15":4,"16":3,"17":1,"18":2,"19":2,"20":2,"21":1,"22":3,"23":4,"24":6,"25":2},"f":{"0":6,"1":4,"2":4,"3":6,"4":2},"b":{"0":[1],"1":[3,3]}}
,"C:\\Users\\USER\\OneDrive\\Documents\\RevoU\\milestone-3-egaherawati10\\src\\app\\__test__\\snapshot.js": {"path":"C:\\Users\\USER\\OneDrive\\Documents\\RevoU\\milestone-3-egaherawati10\\src\\app\\__test__\\snapshot.js","statementMap":{"0":{"start":{"line":1,"column":23},"end":{"line":1,"column":null}},"1":{"start":{"line":2,"column":17},"end":{"line":2,"column":null}},"2":{"start":{"line":4,"column":0},"end":{"line":7,"column":null}},"3":{"start":{"line":5,"column":24},"end":{"line":5,"column":null}},"4":{"start":{"line":6,"column":2},"end":{"line":6,"column":null}}},"fnMap":{"0":{"name":"(anonymous_1)","decl":{"start":{"line":4,"column":33},"end":{"line":4,"column":null}},"loc":{"start":{"line":4,"column":33},"end":{"line":7,"column":null}}}},"branchMap":{},"s":{"0":0,"1":0,"2":0,"3":0,"4":0},"f":{"0":0},"b":{}}
,"C:\\Users\\USER\\OneDrive\\Documents\\RevoU\\milestone-3-egaherawati10\\src\\app\\api\\auth\\[...nextauth]\\route.jsx": {"path":"C:\\Users\\USER\\OneDrive\\Documents\\RevoU\\milestone-3-egaherawati10\\src\\app\\api\\auth\\[...nextauth]\\route.jsx","statementMap":{"0":{"start":{"line":66,"column":9},"end":{"line":66,"column":20}},"1":{"start":{"line":66,"column":25},"end":{"line":66,"column":36}},"2":{"start":{"line":21,"column":13},"end":{"line":21,"column":24}},"3":{"start":{"line":1,"column":21},"end":{"line":1,"column":null}},"4":{"start":{"line":2,"column":32},"end":{"line":2,"column":null}},"5":{"start":{"line":4,"column":18},"end":{"line":19,"column":null}},"6":{"start":{"line":21,"column":27},"end":{"line":63,"column":null}},"7":{"start":{"line":30,"column":21},"end":{"line":32,"column":null}},"8":{"start":{"line":32,"column":12},"end":{"line":32,"column":80}},"9":{"start":{"line":34,"column":8},"end":{"line":38,"column":null}},"10":{"start":{"line":36,"column":51},"end":{"line":36,"column":null}},"11":{"start":{"line":37,"column":10},"end":{"line":37,"column":null}},"12":{"start":{"line":39,"column":8},"end":{"line":39,"column":null}},"13":{"start":{"line":45,"column":6},"end":{"line":50,"column":null}},"14":{"start":{"line":46,"column":8},"end":{"line":46,"column":null}},"15":{"start":{"line":47,"column":8},"end":{"line":47,"column":null}},"16":{"start":{"line":48,"column":8},"end":{"line":48,"column":null}},"17":{"start":{"line":49,"column":8},"end":{"line":49,"column":null}},"18":{"start":{"line":51,"column":6},"end":{"line":51,"column":null}},"19":{"start":{"line":54,"column":6},"end":{"line":54,"column":null}},"20":{"start":{"line":55,"column":6},"end":{"line":55,"column":null}},"21":{"start":{"line":56,"column":6},"end":{"line":56,"column":null}},"22":{"start":{"line":57,"column":6},"end":{"line":57,"column":null}},"23":{"start":{"line":58,"column":6},"end":{"line":58,"column":null}},"24":{"start":{"line":65,"column":16},"end":{"line":65,"column":null}}},"fnMap":{"0":{"name":"(anonymous_5)","decl":{"start":{"line":29,"column":6},"end":{"line":29,"column":12}},"loc":{"start":{"line":29,"column":33},"end":{"line":40,"column":null}}},"1":{"name":"(anonymous_6)","decl":{"start":{"line":31,"column":10},"end":{"line":31,"column":11}},"loc":{"start":{"line":32,"column":12},"end":{"line":32,"column":80}}},"2":{"name":"(anonymous_7)","decl":{"start":{"line":44,"column":4},"end":{"line":44,"column":10}},"loc":{"start":{"line":44,"column":29},"end":{"line":52,"column":null}}},"3":{"name":"(anonymous_8)","decl":{"start":{"line":53,"column":4},"end":{"line":53,"column":10}},"loc":{"start":{"line":53,"column":36},"end":{"line":59,"column":null}}}},"branchMap":{"0":{"loc":{"start":{"line":32,"column":12},"end":{"line":32,"column":80}},"type":"binary-expr","locations":[{"start":{"line":32,"column":12},"end":{"line":32,"column":41}},{"start":{"line":32,"column":45},"end":{"line":32,"column":80}}]},"1":{"loc":{"start":{"line":34,"column":8},"end":{"line":38,"column":null}},"type":"if","locations":[{"start":{"line":34,"column":8},"end":{"line":38,"column":null}}]},"2":{"loc":{"start":{"line":45,"column":6},"end":{"line":50,"column":null}},"type":"if","locations":[{"start":{"line":45,"column":6},"end":{"line":50,"column":null}}]}},"s":{"0":0,"1":0,"2":0,"3":0,"4":0,"5":0,"6":0,"7":0,"8":0,"9":0,"10":0,"11":0,"12":0,"13":0,"14":0,"15":0,"16":0,"17":0,"18":0,"19":0,"20":0,"21":0,"22":0,"23":0,"24":0},"f":{"0":0,"1":0,"2":0,"3":0},"b":{"0":[0,0],"1":[0],"2":[0]}}
,"C:\\Users\\USER\\OneDrive\\Documents\\RevoU\\milestone-3-egaherawati10\\src\\app\\cart\\page.jsx": {"path":"C:\\Users\\USER\\OneDrive\\Documents\\RevoU\\milestone-3-egaherawati10\\src\\app\\cart\\page.jsx","statementMap":{"0":{"start":{"line":105,"column":0},"end":{"line":105,"column":15}},"1":{"start":{"line":3,"column":43},"end":{"line":3,"column":null}},"2":{"start":{"line":4,"column":31},"end":{"line":4,"column":null}},"3":{"start":{"line":5,"column":27},"end":{"line":5,"column":null}},"4":{"start":{"line":6,"column":17},"end":{"line":6,"column":null}},"5":{"start":{"line":8,"column":17},"end":{"line":103,"column":null}},"6":{"start":{"line":14,"column":6},"end":{"line":14,"column":null}},"7":{"start":{"line":16,"column":32},"end":{"line":16,"column":48}},"8":{"start":{"line":17,"column":16},"end":{"line":19,"column":null}},"9":{"start":{"line":18,"column":19},"end":{"line":18,"column":51}},"10":{"start":{"line":22,"column":2},"end":{"line":27,"column":null}},"11":{"start":{"line":24,"column":4},"end":{"line":26,"column":13}},"12":{"start":{"line":25,"column":6},"end":{"line":25,"column":25}},"13":{"start":{"line":43,"column":14},"end":{"line":44,"column":null}},"14":{"start":{"line":60,"column":35},"end":{"line":60,"column":null}},"15":{"start":{"line":68,"column":35},"end":{"line":68,"column":null}},"16":{"start":{"line":77,"column":33},"end":{"line":77,"column":null}},"17":{"start":{"line":105,"column":15},"end":{"line":105,"column":null}}},"fnMap":{"0":{"name":"(anonymous_5)","decl":{"start":{"line":8,"column":17},"end":{"line":8,"column":null}},"loc":{"start":{"line":8,"column":17},"end":{"line":103,"column":null}}},"1":{"name":"(anonymous_6)","decl":{"start":{"line":18,"column":4},"end":{"line":18,"column":5}},"loc":{"start":{"line":18,"column":19},"end":{"line":18,"column":51}}},"2":{"name":"(anonymous_7)","decl":{"start":{"line":22,"column":12},"end":{"line":22,"column":null}},"loc":{"start":{"line":22,"column":12},"end":{"line":27,"column":5}}},"3":{"name":"(anonymous_8)","decl":{"start":{"line":24,"column":15},"end":{"line":24,"column":null}},"loc":{"start":{"line":24,"column":15},"end":{"line":26,"column":7}}},"4":{"name":"(anonymous_9)","decl":{"start":{"line":42,"column":27},"end":{"line":42,"column":28}},"loc":{"start":{"line":43,"column":14},"end":{"line":44,"column":null}}},"5":{"name":"(anonymous_10)","decl":{"start":{"line":60,"column":29},"end":{"line":60,"column":35}},"loc":{"start":{"line":60,"column":35},"end":{"line":60,"column":null}}},"6":{"name":"(anonymous_11)","decl":{"start":{"line":68,"column":29},"end":{"line":68,"column":35}},"loc":{"start":{"line":68,"column":35},"end":{"line":68,"column":null}}},"7":{"name":"(anonymous_12)","decl":{"start":{"line":77,"column":27},"end":{"line":77,"column":33}},"loc":{"start":{"line":77,"column":33},"end":{"line":77,"column":null}}}},"branchMap":{"0":{"loc":{"start":{"line":34,"column":8},"end":{"line":37,"column":20}},"type":"cond-expr","locations":[{"start":{"line":34,"column":8},"end":{"line":37,"column":20}}]},"1":{"loc":{"start":{"line":38,"column":8},"end":{"line":40,"column":null}},"type":"cond-expr","locations":[{"start":{"line":38,"column":8},"end":{"line":40,"column":null}}]}},"s":{"0":7,"1":1,"2":1,"3":1,"4":1,"5":1,"6":13,"7":13,"8":13,"9":12,"10":13,"11":7,"12":7,"13":6,"14":1,"15":1,"16":1,"17":1},"f":{"0":13,"1":12,"2":7,"3":7,"4":6,"5":1,"6":1,"7":1},"b":{"0":[7],"1":[1]}}
,"C:\\Users\\USER\\OneDrive\\Documents\\RevoU\\milestone-3-egaherawati10\\src\\app\\checkout\\page.jsx": {"path":"C:\\Users\\USER\\OneDrive\\Documents\\RevoU\\milestone-3-egaherawati10\\src\\app\\checkout\\page.jsx","statementMap":{"0":{"start":{"line":7,"column":24},"end":{"line":7,"column":null}},"1":{"start":{"line":3,"column":32},"end":{"line":3,"column":null}},"2":{"start":{"line":4,"column":26},"end":{"line":4,"column":null}},"3":{"start":{"line":5,"column":31},"end":{"line":5,"column":null}},"4":{"start":{"line":8,"column":17},"end":{"line":8,"column":null}},"5":{"start":{"line":9,"column":35},"end":{"line":9,"column":null}},"6":{"start":{"line":10,"column":32},"end":{"line":10,"column":null}},"7":{"start":{"line":11,"column":26},"end":{"line":11,"column":null}},"8":{"start":{"line":13,"column":16},"end":{"line":15,"column":null}},"9":{"start":{"line":14,"column":19},"end":{"line":14,"column":51}},"10":{"start":{"line":18,"column":23},"end":{"line":20,"column":null}},"11":{"start":{"line":19,"column":4},"end":{"line":19,"column":null}},"12":{"start":{"line":22,"column":27},"end":{"line":32,"column":null}},"13":{"start":{"line":23,"column":4},"end":{"line":23,"column":null}},"14":{"start":{"line":27,"column":4},"end":{"line":31,"column":null}},"15":{"start":{"line":28,"column":6},"end":{"line":28,"column":null}},"16":{"start":{"line":29,"column":6},"end":{"line":29,"column":null}},"17":{"start":{"line":30,"column":6},"end":{"line":30,"column":null}},"18":{"start":{"line":45,"column":14},"end":{"line":45,"column":33}},"19":{"start":{"line":66,"column":12},"end":{"line":66,"column":32}}},"fnMap":{"0":{"name":"CheckoutPage","decl":{"start":{"line":7,"column":24},"end":{"line":7,"column":null}},"loc":{"start":{"line":7,"column":24},"end":{"line":96,"column":null}}},"1":{"name":"(anonymous_5)","decl":{"start":{"line":14,"column":4},"end":{"line":14,"column":5}},"loc":{"start":{"line":14,"column":19},"end":{"line":14,"column":51}}},"2":{"name":"(anonymous_6)","decl":{"start":{"line":18,"column":23},"end":{"line":18,"column":24}},"loc":{"start":{"line":18,"column":24},"end":{"line":20,"column":null}}},"3":{"name":"(anonymous_7)","decl":{"start":{"line":22,"column":27},"end":{"line":22,"column":null}},"loc":{"start":{"line":22,"column":27},"end":{"line":32,"column":null}}},"4":{"name":"(anonymous_8)","decl":{"start":{"line":27,"column":15},"end":{"line":27,"column":null}},"loc":{"start":{"line":27,"column":15},"end":{"line":31,"column":7}}},"5":{"name":"(anonymous_9)","decl":{"start":{"line":44,"column":27},"end":{"line":44,"column":28}},"loc":{"start":{"line":45,"column":14},"end":{"line":45,"column":33}}},"6":{"name":"(anonymous_10)","decl":{"start":{"line":65,"column":53},"end":{"line":65,"column":54}},"loc":{"start":{"line":66,"column":12},"end":{"line":66,"column":32}}}},"branchMap":{"0":{"loc":{"start":{"line":41,"column":10},"end":{"line":43,"column":11}},"type":"cond-expr","locations":[{"start":{"line":41,"column":10},"end":{"line":43,"column":11}}]},"1":{"loc":{"start":{"line":89,"column":18},"end":{"line":89,"column":null}},"type":"binary-expr","locations":[{"start":{"line":89,"column":18},"end":{"line":89,"column":29}},{"start":{"line":89,"column":29},"end":{"line":89,"column":null}}]},"2":{"loc":{"start":{"line":92,"column":9},"end":{"line":92,"column":null}},"type":"cond-expr","locations":[{"start":{"line":92,"column":19},"end":{"line":92,"column":43}},{"start":{"line":92,"column":43},"end":{"line":92,"column":null}}]}},"s":{"0":5,"1":1,"2":1,"3":1,"4":8,"5":8,"6":8,"7":8,"8":8,"9":5,"10":8,"11":1,"12":8,"13":1,"14":1,"15":1,"16":1,"17":1,"18":5,"19":32},"f":{"0":8,"1":5,"2":1,"3":1,"4":1,"5":5,"6":32},"b":{"0":[4],"1":[8,7],"2":[1,7]}}
,"C:\\Users\\USER\\OneDrive\\Documents\\RevoU\\milestone-3-egaherawati10\\src\\app\\component\\CartIcon.jsx": {"path":"C:\\Users\\USER\\OneDrive\\Documents\\RevoU\\milestone-3-egaherawati10\\src\\app\\component\\CartIcon.jsx","statementMap":{"0":{"start":{"line":8,"column":24},"end":{"line":8,"column":null}},"1":{"start":{"line":3,"column":18},"end":{"line":3,"column":null}},"2":{"start":{"line":4,"column":31},"end":{"line":4,"column":null}},"3":{"start":{"line":5,"column":32},"end":{"line":5,"column":null}},"4":{"start":{"line":6,"column":31},"end":{"line":6,"column":null}},"5":{"start":{"line":9,"column":20},"end":{"line":9,"column":null}},"6":{"start":{"line":9,"column":46},"end":{"line":9,"column":67}},"7":{"start":{"line":10,"column":16},"end":{"line":10,"column":null}},"8":{"start":{"line":10,"column":48},"end":{"line":10,"column":67}}},"fnMap":{"0":{"name":"CartIcon","decl":{"start":{"line":8,"column":24},"end":{"line":8,"column":null}},"loc":{"start":{"line":8,"column":24},"end":{"line":22,"column":null}}},"1":{"name":"(anonymous_3)","decl":{"start":{"line":9,"column":35},"end":{"line":9,"column":36}},"loc":{"start":{"line":9,"column":46},"end":{"line":9,"column":67}}},"2":{"name":"(anonymous_4)","decl":{"start":{"line":10,"column":33},"end":{"line":10,"column":34}},"loc":{"start":{"line":10,"column":48},"end":{"line":10,"column":67}}}},"branchMap":{"0":{"loc":{"start":{"line":9,"column":46},"end":{"line":9,"column":67}},"type":"binary-expr","locations":[{"start":{"line":9,"column":46},"end":{"line":9,"column":61}},{"start":{"line":9,"column":65},"end":{"line":9,"column":67}}]},"1":{"loc":{"start":{"line":15,"column":7},"end":{"line":15,"column":null}},"type":"binary-expr","locations":[{"start":{"line":15,"column":7},"end":{"line":15,"column":null}}]}},"s":{"0":0,"1":0,"2":0,"3":0,"4":0,"5":0,"6":0,"7":0,"8":0},"f":{"0":0,"1":0,"2":0},"b":{"0":[0,0],"1":[0]}}
,"C:\\Users\\USER\\OneDrive\\Documents\\RevoU\\milestone-3-egaherawati10\\src\\app\\component\\FAQ.jsx": {"path":"C:\\Users\\USER\\OneDrive\\Documents\\RevoU\\milestone-3-egaherawati10\\src\\app\\component\\FAQ.jsx","statementMap":{"0":{"start":{"line":32,"column":24},"end":{"line":32,"column":null}},"1":{"start":{"line":1,"column":25},"end":{"line":1,"column":null}},"2":{"start":{"line":4,"column":13},"end":{"line":30,"column":null}},"3":{"start":{"line":33,"column":36},"end":{"line":33,"column":null}},"4":{"start":{"line":35,"column":17},"end":{"line":37,"column":null}},"5":{"start":{"line":36,"column":4},"end":{"line":36,"column":null}},"6":{"start":{"line":44,"column":10},"end":{"line":44,"column":27}},"7":{"start":{"line":46,"column":29},"end":{"line":46,"column":null}}},"fnMap":{"0":{"name":"ShopFAQ","decl":{"start":{"line":32,"column":24},"end":{"line":32,"column":null}},"loc":{"start":{"line":32,"column":24},"end":{"line":60,"column":null}}},"1":{"name":"(anonymous_5)","decl":{"start":{"line":35,"column":17},"end":{"line":35,"column":18}},"loc":{"start":{"line":35,"column":18},"end":{"line":37,"column":null}}},"2":{"name":"(anonymous_6)","decl":{"start":{"line":43,"column":18},"end":{"line":43,"column":19}},"loc":{"start":{"line":44,"column":10},"end":{"line":44,"column":27}}},"3":{"name":"(anonymous_7)","decl":{"start":{"line":46,"column":23},"end":{"line":46,"column":29}},"loc":{"start":{"line":46,"column":29},"end":{"line":46,"column":null}}}},"branchMap":{"0":{"loc":{"start":{"line":36,"column":17},"end":{"line":36,"column":null}},"type":"cond-expr","locations":[{"start":{"line":36,"column":39},"end":{"line":36,"column":46}},{"start":{"line":36,"column":46},"end":{"line":36,"column":null}}]},"1":{"loc":{"start":{"line":50,"column":41},"end":{"line":50,"column":null}},"type":"cond-expr","locations":[{"start":{"line":50,"column":63},"end":{"line":50,"column":69}},{"start":{"line":50,"column":69},"end":{"line":50,"column":null}}]},"2":{"loc":{"start":{"line":52,"column":13},"end":{"line":52,"column":null}},"type":"binary-expr","locations":[{"start":{"line":52,"column":13},"end":{"line":52,"column":null}}]}},"s":{"0":0,"1":0,"2":0,"3":0,"4":0,"5":0,"6":0,"7":0},"f":{"0":0,"1":0,"2":0,"3":0},"b":{"0":[0,0],"1":[0,0],"2":[0]}}
,"C:\\Users\\USER\\OneDrive\\Documents\\RevoU\\milestone-3-egaherawati10\\src\\app\\component\\LoadingSpinner.jsx": {"path":"C:\\Users\\USER\\OneDrive\\Documents\\RevoU\\milestone-3-egaherawati10\\src\\app\\component\\LoadingSpinner.jsx","statementMap":{"0":{"start":{"line":5,"column":24},"end":{"line":5,"column":39}},"1":{"start":{"line":3,"column":18},"end":{"line":3,"column":null}},"2":{"start":{"line":10,"column":22},"end":{"line":14,"column":null}},"3":{"start":{"line":16,"column":22},"end":{"line":16,"column":57}},"4":{"start":{"line":24,"column":2},"end":{"line":31,"column":null}}},"fnMap":{"0":{"name":"LoadingSpinner","decl":{"start":{"line":5,"column":24},"end":{"line":5,"column":39}},"loc":{"start":{"line":9,"column":1},"end":{"line":39,"column":null}}}},"branchMap":{"0":{"loc":{"start":{"line":6,"column":2},"end":{"line":6,"column":20}},"type":"default-arg","locations":[{"start":{"line":6,"column":15},"end":{"line":6,"column":20}}]},"1":{"loc":{"start":{"line":7,"column":2},"end":{"line":7,"column":13}},"type":"default-arg","locations":[{"start":{"line":7,"column":9},"end":{"line":7,"column":13}}]},"2":{"loc":{"start":{"line":16,"column":22},"end":{"line":16,"column":57}},"type":"binary-expr","locations":[{"start":{"line":16,"column":22},"end":{"line":16,"column":39}},{"start":{"line":16,"column":43},"end":{"line":16,"column":57}}]},"3":{"loc":{"start":{"line":24,"column":2},"end":{"line":31,"column":null}},"type":"if","locations":[{"start":{"line":24,"column":2},"end":{"line":31,"column":null}}]},"4":{"loc":{"start":{"line":28,"column":9},"end":{"line":28,"column":20}},"type":"binary-expr","locations":[{"start":{"line":28,"column":9},"end":{"line":28,"column":20}}]},"5":{"loc":{"start":{"line":36,"column":7},"end":{"line":36,"column":18}},"type":"binary-expr","locations":[{"start":{"line":36,"column":7},"end":{"line":36,"column":18}}]}},"s":{"0":7,"1":1,"2":7,"3":7,"4":7},"f":{"0":7},"b":{"0":[5],"1":[5],"2":[7,0],"3":[2],"4":[2],"5":[5]}}
,"C:\\Users\\USER\\OneDrive\\Documents\\RevoU\\milestone-3-egaherawati10\\src\\app\\component\\ProductCard.jsx": {"path":"C:\\Users\\USER\\OneDrive\\Documents\\RevoU\\milestone-3-egaherawati10\\src\\app\\component\\ProductCard.jsx","statementMap":{"0":{"start":{"line":8,"column":24},"end":{"line":8,"column":36}},"1":{"start":{"line":3,"column":18},"end":{"line":3,"column":null}},"2":{"start":{"line":4,"column":17},"end":{"line":4,"column":null}},"3":{"start":{"line":5,"column":40},"end":{"line":5,"column":null}},"4":{"start":{"line":6,"column":31},"end":{"line":6,"column":null}},"5":{"start":{"line":9,"column":20},"end":{"line":9,"column":null}},"6":{"start":{"line":9,"column":46},"end":{"line":9,"column":61}},"7":{"start":{"line":26,"column":25},"end":{"line":26,"column":null}}},"fnMap":{"0":{"name":"ProductCard","decl":{"start":{"line":8,"column":24},"end":{"line":8,"column":36}},"loc":{"start":{"line":8,"column":47},"end":{"line":34,"column":null}}},"1":{"name":"(anonymous_3)","decl":{"start":{"line":9,"column":35},"end":{"line":9,"column":36}},"loc":{"start":{"line":9,"column":46},"end":{"line":9,"column":61}}},"2":{"name":"(anonymous_4)","decl":{"start":{"line":26,"column":19},"end":{"line":26,"column":25}},"loc":{"start":{"line":26,"column":25},"end":{"line":26,"column":null}}}},"branchMap":{"0":{"loc":{"start":{"line":15,"column":15},"end":{"line":15,"column":null}},"type":"binary-expr","locations":[{"start":{"line":15,"column":15},"end":{"line":15,"column":34}},{"start":{"line":15,"column":38},"end":{"line":15,"column":null}}]}},"s":{"0":3,"1":1,"2":1,"3":1,"4":1,"5":3,"6":0,"7":1},"f":{"0":3,"1":0,"2":1},"b":{"0":[3,1]}}
,"C:\\Users\\USER\\OneDrive\\Documents\\RevoU\\milestone-3-egaherawati10\\src\\app\\component\\SessionProviderWrapper.jsx": {"path":"C:\\Users\\USER\\OneDrive\\Documents\\RevoU\\milestone-3-egaherawati10\\src\\app\\component\\SessionProviderWrapper.jsx","statementMap":{"0":{"start":{"line":5,"column":24},"end":{"line":5,"column":47}},"1":{"start":{"line":3,"column":32},"end":{"line":3,"column":null}}},"fnMap":{"0":{"name":"SessionProviderWrapper","decl":{"start":{"line":5,"column":24},"end":{"line":5,"column":47}},"loc":{"start":{"line":5,"column":59},"end":{"line":7,"column":null}}}},"branchMap":{},"s":{"0":0,"1":0},"f":{"0":0},"b":{}}
,"C:\\Users\\USER\\OneDrive\\Documents\\RevoU\\milestone-3-egaherawati10\\src\\app\\dashboard\\layout.jsx": {"path":"C:\\Users\\USER\\OneDrive\\Documents\\RevoU\\milestone-3-egaherawati10\\src\\app\\dashboard\\layout.jsx","statementMap":{"0":{"start":{"line":6,"column":24},"end":{"line":6,"column":36}},"1":{"start":{"line":1,"column":13},"end":{"line":1,"column":21}},"2":{"start":{"line":1,"column":24},"end":{"line":4,"column":null}},"3":{"start":{"line":7,"column":2},"end":{"line":7,"column":null}}},"fnMap":{"0":{"name":"AdminLayout","decl":{"start":{"line":6,"column":24},"end":{"line":6,"column":36}},"loc":{"start":{"line":6,"column":48},"end":{"line":8,"column":1}}}},"branchMap":{},"s":{"0":0,"1":0,"2":0,"3":0},"f":{"0":0},"b":{}}
,"C:\\Users\\USER\\OneDrive\\Documents\\RevoU\\milestone-3-egaherawati10\\src\\app\\dashboard\\page.jsx": {"path":"C:\\Users\\USER\\OneDrive\\Documents\\RevoU\\milestone-3-egaherawati10\\src\\app\\dashboard\\page.jsx","statementMap":{"0":{"start":{"line":8,"column":24},"end":{"line":8,"column":null}},"1":{"start":{"line":3,"column":36},"end":{"line":3,"column":null}},"2":{"start":{"line":4,"column":26},"end":{"line":4,"column":null}},"3":{"start":{"line":5,"column":26},"end":{"line":5,"column":null}},"4":{"start":{"line":6,"column":17},"end":{"line":6,"column":null}},"5":{"start":{"line":9,"column":36},"end":{"line":9,"column":null}},"6":{"start":{"line":10,"column":17},"end":{"line":10,"column":null}},"7":{"start":{"line":12,"column":2},"end":{"line":16,"column":null}},"8":{"start":{"line":13,"column":4},"end":{"line":15,"column":null}},"9":{"start":{"line":14,"column":6},"end":{"line":14,"column":null}},"10":{"start":{"line":25,"column":23},"end":{"line":25,"column":null}}},"fnMap":{"0":{"name":"AdminDashboard","decl":{"start":{"line":8,"column":24},"end":{"line":8,"column":null}},"loc":{"start":{"line":8,"column":24},"end":{"line":35,"column":null}}},"1":{"name":"(anonymous_3)","decl":{"start":{"line":12,"column":12},"end":{"line":12,"column":null}},"loc":{"start":{"line":12,"column":12},"end":{"line":16,"column":5}}},"2":{"name":"(anonymous_4)","decl":{"start":{"line":25,"column":17},"end":{"line":25,"column":23}},"loc":{"start":{"line":25,"column":23},"end":{"line":25,"column":null}}}},"branchMap":{"0":{"loc":{"start":{"line":13,"column":4},"end":{"line":15,"column":null}},"type":"if","locations":[{"start":{"line":13,"column":4},"end":{"line":15,"column":null}}]}},"s":{"0":4,"1":1,"2":1,"3":1,"4":1,"5":4,"6":4,"7":4,"8":4,"9":1,"10":1},"f":{"0":4,"1":4,"2":1},"b":{"0":[1]}}
,"C:\\Users\\USER\\OneDrive\\Documents\\RevoU\\milestone-3-egaherawati10\\src\\app\\dashboard\\products\\page.jsx": {"path":"C:\\Users\\USER\\OneDrive\\Documents\\RevoU\\milestone-3-egaherawati10\\src\\app\\dashboard\\products\\page.jsx","statementMap":{"0":{"start":{"line":6,"column":24},"end":{"line":6,"column":null}},"1":{"start":{"line":3,"column":43},"end":{"line":3,"column":null}},"2":{"start":{"line":4,"column":18},"end":{"line":4,"column":null}},"3":{"start":{"line":7,"column":34},"end":{"line":7,"column":null}},"4":{"start":{"line":8,"column":26},"end":{"line":8,"column":null}},"5":{"start":{"line":9,"column":50},"end":{"line":9,"column":null}},"6":{"start":{"line":10,"column":32},"end":{"line":10,"column":null}},"7":{"start":{"line":11,"column":28},"end":{"line":11,"column":null}},"8":{"start":{"line":12,"column":32},"end":{"line":12,"column":49}},"9":{"start":{"line":14,"column":2},"end":{"line":16,"column":null}},"10":{"start":{"line":15,"column":4},"end":{"line":15,"column":null}},"11":{"start":{"line":18,"column":24},"end":{"line":28,"column":null}},"12":{"start":{"line":19,"column":4},"end":{"line":19,"column":null}},"13":{"start":{"line":20,"column":4},"end":{"line":26,"column":null}},"14":{"start":{"line":21,"column":18},"end":{"line":21,"column":null}},"15":{"start":{"line":22,"column":6},"end":{"line":22,"column":null}},"16":{"start":{"line":23,"column":6},"end":{"line":23,"column":null}},"17":{"start":{"line":25,"column":6},"end":{"line":25,"column":null}},"18":{"start":{"line":27,"column":4},"end":{"line":27,"column":null}},"19":{"start":{"line":30,"column":2},"end":{"line":34,"column":null}},"20":{"start":{"line":31,"column":4},"end":{"line":33,"column":null}},"21":{"start":{"line":32,"column":6},"end":{"line":32,"column":null}},"22":{"start":{"line":36,"column":23},"end":{"line":41,"column":null}},"23":{"start":{"line":37,"column":4},"end":{"line":40,"column":null}},"24":{"start":{"line":43,"column":23},"end":{"line":70,"column":null}},"25":{"start":{"line":44,"column":4},"end":{"line":44,"column":null}},"26":{"start":{"line":45,"column":4},"end":{"line":45,"column":null}},"27":{"start":{"line":46,"column":20},"end":{"line":52,"column":null}},"28":{"start":{"line":54,"column":4},"end":{"line":68,"column":null}},"29":{"start":{"line":55,"column":6},"end":{"line":63,"column":null}},"30":{"start":{"line":56,"column":8},"end":{"line":58,"column":null}},"31":{"start":{"line":60,"column":8},"end":{"line":60,"column":null}},"32":{"start":{"line":62,"column":8},"end":{"line":62,"column":null}},"33":{"start":{"line":64,"column":6},"end":{"line":64,"column":null}},"34":{"start":{"line":65,"column":6},"end":{"line":65,"column":null}},"35":{"start":{"line":67,"column":6},"end":{"line":67,"column":null}},"36":{"start":{"line":69,"column":4},"end":{"line":69,"column":null}},"37":{"start":{"line":72,"column":21},"end":{"line":79,"column":null}},"38":{"start":{"line":73,"column":4},"end":{"line":77,"column":null}},"39":{"start":{"line":78,"column":4},"end":{"line":78,"column":null}},"40":{"start":{"line":81,"column":23},"end":{"line":90,"column":null}},"41":{"start":{"line":82,"column":4},"end":{"line":82,"column":null}},"42":{"start":{"line":83,"column":4},"end":{"line":88,"column":null}},"43":{"start":{"line":84,"column":6},"end":{"line":84,"column":null}},"44":{"start":{"line":85,"column":6},"end":{"line":85,"column":null}},"45":{"start":{"line":87,"column":6},"end":{"line":87,"column":null}},"46":{"start":{"line":89,"column":4},"end":{"line":89,"column":null}},"47":{"start":{"line":93,"column":2},"end":{"line":95,"column":null}},"48":{"start":{"line":94,"column":4},"end":{"line":94,"column":17}},"49":{"start":{"line":141,"column":10},"end":{"line":142,"column":null}},"50":{"start":{"line":153,"column":31},"end":{"line":153,"column":null}},"51":{"start":{"line":159,"column":31},"end":{"line":159,"column":null}}},"fnMap":{"0":{"name":"AdminProductPage","decl":{"start":{"line":6,"column":24},"end":{"line":6,"column":null}},"loc":{"start":{"line":6,"column":24},"end":{"line":170,"column":null}}},"1":{"name":"(anonymous_6)","decl":{"start":{"line":14,"column":12},"end":{"line":14,"column":null}},"loc":{"start":{"line":14,"column":12},"end":{"line":16,"column":5}}},"2":{"name":"(anonymous_7)","decl":{"start":{"line":18,"column":24},"end":{"line":18,"column":null}},"loc":{"start":{"line":18,"column":24},"end":{"line":28,"column":null}}},"3":{"name":"(anonymous_8)","decl":{"start":{"line":30,"column":12},"end":{"line":30,"column":null}},"loc":{"start":{"line":30,"column":12},"end":{"line":34,"column":5}}},"4":{"name":"(anonymous_9)","decl":{"start":{"line":36,"column":23},"end":{"line":36,"column":24}},"loc":{"start":{"line":36,"column":24},"end":{"line":41,"column":null}}},"5":{"name":"(anonymous_10)","decl":{"start":{"line":43,"column":23},"end":{"line":43,"column":30}},"loc":{"start":{"line":43,"column":30},"end":{"line":70,"column":null}}},"6":{"name":"(anonymous_11)","decl":{"start":{"line":72,"column":21},"end":{"line":72,"column":22}},"loc":{"start":{"line":72,"column":22},"end":{"line":79,"column":null}}},"7":{"name":"(anonymous_12)","decl":{"start":{"line":81,"column":23},"end":{"line":81,"column":30}},"loc":{"start":{"line":81,"column":30},"end":{"line":90,"column":null}}},"8":{"name":"(anonymous_13)","decl":{"start":{"line":140,"column":22},"end":{"line":140,"column":23}},"loc":{"start":{"line":141,"column":10},"end":{"line":142,"column":null}}},"9":{"name":"(anonymous_14)","decl":{"start":{"line":153,"column":25},"end":{"line":153,"column":31}},"loc":{"start":{"line":153,"column":31},"end":{"line":153,"column":null}}},"10":{"name":"(anonymous_15)","decl":{"start":{"line":159,"column":25},"end":{"line":159,"column":31}},"loc":{"start":{"line":159,"column":31},"end":{"line":159,"column":null}}}},"branchMap":{"0":{"loc":{"start":{"line":31,"column":4},"end":{"line":33,"column":null}},"type":"if","locations":[{"start":{"line":31,"column":4},"end":{"line":33,"column":null}}]},"1":{"loc":{"start":{"line":55,"column":6},"end":{"line":63,"column":null}},"type":"if","locations":[{"start":{"line":55,"column":6},"end":{"line":63,"column":null}},{"start":{"line":61,"column":13},"end":{"line":63,"column":null}}]},"2":{"loc":{"start":{"line":93,"column":2},"end":{"line":95,"column":null}},"type":"if","locations":[{"start":{"line":93,"column":2},"end":{"line":95,"column":null}}]},"3":{"loc":{"start":{"line":132,"column":11},"end":{"line":132,"column":50}},"type":"cond-expr","locations":[{"start":{"line":132,"column":30},"end":{"line":132,"column":41}},{"start":{"line":132,"column":41},"end":{"line":132,"column":50}}]},"4":{"loc":{"start":{"line":136,"column":7},"end":{"line":136,"column":16}},"type":"binary-expr","locations":[{"start":{"line":136,"column":7},"end":{"line":136,"column":16}}]},"5":{"loc":{"start":{"line":137,"column":7},"end":{"line":137,"column":18}},"type":"binary-expr","locations":[{"start":{"line":137,"column":7},"end":{"line":137,"column":18}}]}},"s":{"0":10,"1":1,"2":1,"3":44,"4":44,"5":44,"6":44,"7":44,"8":44,"9":44,"10":10,"11":44,"12":11,"13":11,"14":11,"15":10,"16":8,"17":3,"18":11,"19":44,"20":20,"21":10,"22":44,"23":1,"24":44,"25":0,"26":0,"27":0,"28":0,"29":0,"30":0,"31":0,"32":0,"33":0,"34":0,"35":0,"36":0,"37":44,"38":1,"39":1,"40":44,"41":2,"42":2,"43":2,"44":1,"45":1,"46":2,"47":44,"48":10,"49":18,"50":1,"51":2},"f":{"0":44,"1":10,"2":11,"3":20,"4":1,"5":0,"6":1,"7":2,"8":18,"9":1,"10":2},"b":{"0":[10],"1":[0,0],"2":[10],"3":[2,32],"4":[34],"5":[34]}}
,"C:\\Users\\USER\\OneDrive\\Documents\\RevoU\\milestone-3-egaherawati10\\src\\app\\lib\\authOptions.jsx": {"path":"C:\\Users\\USER\\OneDrive\\Documents\\RevoU\\milestone-3-egaherawati10\\src\\app\\lib\\authOptions.jsx","statementMap":{"0":{"start":{"line":3,"column":13},"end":{"line":3,"column":27}},"1":{"start":{"line":1,"column":32},"end":{"line":1,"column":null}},"2":{"start":{"line":3,"column":27},"end":{"line":98,"column":null}},"3":{"start":{"line":16,"column":8},"end":{"line":18,"column":null}},"4":{"start":{"line":17,"column":10},"end":{"line":17,"column":null}},"5":{"start":{"line":20,"column":8},"end":{"line":67,"column":null}},"6":{"start":{"line":21,"column":27},"end":{"line":30,"column":null}},"7":{"start":{"line":32,"column":10},"end":{"line":35,"column":null}},"8":{"start":{"line":33,"column":12},"end":{"line":33,"column":null}},"9":{"start":{"line":34,"column":12},"end":{"line":34,"column":null}},"10":{"start":{"line":37,"column":23},"end":{"line":37,"column":null}},"11":{"start":{"line":38,"column":10},"end":{"line":38,"column":null}},"12":{"start":{"line":40,"column":34},"end":{"line":45,"column":null}},"13":{"start":{"line":47,"column":10},"end":{"line":50,"column":null}},"14":{"start":{"line":48,"column":12},"end":{"line":48,"column":null}},"15":{"start":{"line":49,"column":12},"end":{"line":49,"column":null}},"16":{"start":{"line":52,"column":26},"end":{"line":52,"column":null}},"17":{"start":{"line":53,"column":10},"end":{"line":53,"column":null}},"18":{"start":{"line":55,"column":10},"end":{"line":63,"column":null}},"19":{"start":{"line":65,"column":10},"end":{"line":65,"column":null}},"20":{"start":{"line":66,"column":10},"end":{"line":66,"column":null}},"21":{"start":{"line":73,"column":6},"end":{"line":80,"column":null}},"22":{"start":{"line":74,"column":8},"end":{"line":74,"column":null}},"23":{"start":{"line":75,"column":8},"end":{"line":75,"column":null}},"24":{"start":{"line":76,"column":8},"end":{"line":76,"column":null}},"25":{"start":{"line":77,"column":8},"end":{"line":77,"column":null}},"26":{"start":{"line":78,"column":8},"end":{"line":78,"column":null}},"27":{"start":{"line":79,"column":8},"end":{"line":79,"column":null}},"28":{"start":{"line":81,"column":6},"end":{"line":81,"column":null}},"29":{"start":{"line":84,"column":6},"end":{"line":91,"column":null}},"30":{"start":{"line":85,"column":8},"end":{"line":85,"column":null}},"31":{"start":{"line":86,"column":8},"end":{"line":86,"column":null}},"32":{"start":{"line":87,"column":8},"end":{"line":87,"column":null}},"33":{"start":{"line":88,"column":8},"end":{"line":88,"column":null}},"34":{"start":{"line":89,"column":8},"end":{"line":89,"column":null}},"35":{"start":{"line":90,"column":8},"end":{"line":90,"column":null}},"36":{"start":{"line":92,"column":6},"end":{"line":92,"column":null}}},"fnMap":{"0":{"name":"(anonymous_2)","decl":{"start":{"line":15,"column":6},"end":{"line":15,"column":12}},"loc":{"start":{"line":15,"column":33},"end":{"line":68,"column":null}}},"1":{"name":"(anonymous_3)","decl":{"start":{"line":72,"column":4},"end":{"line":72,"column":10}},"loc":{"start":{"line":72,"column":29},"end":{"line":82,"column":null}}},"2":{"name":"(anonymous_4)","decl":{"start":{"line":83,"column":4},"end":{"line":83,"column":10}},"loc":{"start":{"line":83,"column":36},"end":{"line":93,"column":null}}}},"branchMap":{"0":{"loc":{"start":{"line":16,"column":8},"end":{"line":18,"column":null}},"type":"if","locations":[{"start":{"line":16,"column":8},"end":{"line":18,"column":null}}]},"1":{"loc":{"start":{"line":16,"column":12},"end":{"line":16,"column":59}},"type":"binary-expr","locations":[{"start":{"line":16,"column":12},"end":{"line":16,"column":35}},{"start":{"line":16,"column":35},"end":{"line":16,"column":59}}]},"2":{"loc":{"start":{"line":32,"column":10},"end":{"line":35,"column":null}},"type":"if","locations":[{"start":{"line":32,"column":10},"end":{"line":35,"column":null}}]},"3":{"loc":{"start":{"line":47,"column":10},"end":{"line":50,"column":null}},"type":"if","locations":[{"start":{"line":47,"column":10},"end":{"line":50,"column":null}}]},"4":{"loc":{"start":{"line":73,"column":6},"end":{"line":80,"column":null}},"type":"if","locations":[{"start":{"line":73,"column":6},"end":{"line":80,"column":null}}]},"5":{"loc":{"start":{"line":84,"column":6},"end":{"line":91,"column":null}},"type":"if","locations":[{"start":{"line":84,"column":6},"end":{"line":91,"column":null}}]}},"s":{"0":2,"1":1,"2":1,"3":0,"4":0,"5":0,"6":0,"7":0,"8":0,"9":0,"10":0,"11":0,"12":0,"13":0,"14":0,"15":0,"16":0,"17":0,"18":0,"19":0,"20":0,"21":2,"22":1,"23":1,"24":1,"25":1,"26":1,"27":1,"28":2,"29":0,"30":0,"31":0,"32":0,"33":0,"34":0,"35":0,"36":0},"f":{"0":0,"1":2,"2":0},"b":{"0":[0],"1":[0,0],"2":[0],"3":[0],"4":[1],"5":[0]}}
,"C:\\Users\\USER\\OneDrive\\Documents\\RevoU\\milestone-3-egaherawati10\\src\\app\\login\\page.jsx": {"path":"C:\\Users\\USER\\OneDrive\\Documents\\RevoU\\milestone-3-egaherawati10\\src\\app\\login\\page.jsx","statementMap":{"0":{"start":{"line":7,"column":24},"end":{"line":7,"column":null}},"1":{"start":{"line":3,"column":23},"end":{"line":3,"column":null}},"2":{"start":{"line":4,"column":36},"end":{"line":4,"column":null}},"3":{"start":{"line":5,"column":26},"end":{"line":5,"column":null}},"4":{"start":{"line":8,"column":28},"end":{"line":8,"column":null}},"5":{"start":{"line":9,"column":34},"end":{"line":9,"column":null}},"6":{"start":{"line":10,"column":28},"end":{"line":10,"column":null}},"7":{"start":{"line":11,"column":32},"end":{"line":11,"column":null}},"8":{"start":{"line":12,"column":32},"end":{"line":12,"column":49}},"9":{"start":{"line":13,"column":17},"end":{"line":13,"column":null}},"10":{"start":{"line":15,"column":2},"end":{"line":17,"column":null}},"11":{"start":{"line":16,"column":4},"end":{"line":16,"column":null}},"12":{"start":{"line":19,"column":23},"end":{"line":45,"column":null}},"13":{"start":{"line":20,"column":4},"end":{"line":20,"column":null}},"14":{"start":{"line":21,"column":4},"end":{"line":21,"column":null}},"15":{"start":{"line":22,"column":4},"end":{"line":22,"column":null}},"16":{"start":{"line":24,"column":16},"end":{"line":28,"column":null}},"17":{"start":{"line":30,"column":4},"end":{"line":30,"column":null}},"18":{"start":{"line":32,"column":4},"end":{"line":44,"column":null}},"19":{"start":{"line":34,"column":25},"end":{"line":34,"column":null}},"20":{"start":{"line":35,"column":22},"end":{"line":35,"column":null}},"21":{"start":{"line":37,"column":6},"end":{"line":41,"column":null}},"22":{"start":{"line":38,"column":8},"end":{"line":38,"column":null}},"23":{"start":{"line":40,"column":8},"end":{"line":40,"column":null}},"24":{"start":{"line":43,"column":6},"end":{"line":43,"column":null}},"25":{"start":{"line":48,"column":2},"end":{"line":50,"column":null}},"26":{"start":{"line":49,"column":4},"end":{"line":49,"column":17}},"27":{"start":{"line":63,"column":27},"end":{"line":63,"column":null}},"28":{"start":{"line":71,"column":27},"end":{"line":71,"column":null}}},"fnMap":{"0":{"name":"LoginPage","decl":{"start":{"line":7,"column":24},"end":{"line":7,"column":null}},"loc":{"start":{"line":7,"column":24},"end":{"line":86,"column":null}}},"1":{"name":"(anonymous_2)","decl":{"start":{"line":15,"column":12},"end":{"line":15,"column":null}},"loc":{"start":{"line":15,"column":12},"end":{"line":17,"column":5}}},"2":{"name":"(anonymous_3)","decl":{"start":{"line":19,"column":23},"end":{"line":19,"column":30}},"loc":{"start":{"line":19,"column":30},"end":{"line":45,"column":null}}},"3":{"name":"(anonymous_4)","decl":{"start":{"line":63,"column":20},"end":{"line":63,"column":21}},"loc":{"start":{"line":63,"column":27},"end":{"line":63,"column":null}}},"4":{"name":"(anonymous_5)","decl":{"start":{"line":71,"column":20},"end":{"line":71,"column":21}},"loc":{"start":{"line":71,"column":27},"end":{"line":71,"column":null}}}},"branchMap":{"0":{"loc":{"start":{"line":32,"column":4},"end":{"line":44,"column":null}},"type":"if","locations":[{"start":{"line":32,"column":4},"end":{"line":44,"column":null}},{"start":{"line":42,"column":11},"end":{"line":44,"column":null}}]},"1":{"loc":{"start":{"line":37,"column":6},"end":{"line":41,"column":null}},"type":"if","locations":[{"start":{"line":37,"column":6},"end":{"line":41,"column":null}},{"start":{"line":39,"column":13},"end":{"line":41,"column":null}}]},"2":{"loc":{"start":{"line":48,"column":2},"end":{"line":50,"column":null}},"type":"if","locations":[{"start":{"line":48,"column":2},"end":{"line":50,"column":null}}]},"3":{"loc":{"start":{"line":80,"column":11},"end":{"line":80,"column":null}},"type":"cond-expr","locations":[{"start":{"line":80,"column":21},"end":{"line":80,"column":39}},{"start":{"line":80,"column":39},"end":{"line":80,"column":null}}]},"4":{"loc":{"start":{"line":82,"column":9},"end":{"line":82,"column":18}},"type":"binary-expr","locations":[{"start":{"line":82,"column":9},"end":{"line":82,"column":18}}]}},"s":{"0":6,"1":1,"2":1,"3":1,"4":28,"5":28,"6":28,"7":28,"8":28,"9":28,"10":28,"11":6,"12":28,"13":4,"14":4,"15":4,"16":4,"17":4,"18":4,"19":2,"20":2,"21":2,"22":1,"23":1,"24":2,"25":28,"26":6,"27":4,"28":4},"f":{"0":28,"1":6,"2":4,"3":4,"4":4},"b":{"0":[2,2],"1":[1,1],"2":[6],"3":[4,18],"4":[22]}}
,"C:\\Users\\USER\\OneDrive\\Documents\\RevoU\\milestone-3-egaherawati10\\src\\app\\logout\\page.jsx": {"path":"C:\\Users\\USER\\OneDrive\\Documents\\RevoU\\milestone-3-egaherawati10\\src\\app\\logout\\page.jsx","statementMap":{"0":{"start":{"line":7,"column":24},"end":{"line":7,"column":null}},"1":{"start":{"line":3,"column":18},"end":{"line":3,"column":null}},"2":{"start":{"line":5,"column":26},"end":{"line":5,"column":null}},"3":{"start":{"line":8,"column":19},"end":{"line":8,"column":null}},"4":{"start":{"line":10,"column":4},"end":{"line":18,"column":null}},"5":{"start":{"line":12,"column":8},"end":{"line":12,"column":null}},"6":{"start":{"line":15,"column":8},"end":{"line":17,"column":null}},"7":{"start":{"line":16,"column":12},"end":{"line":16,"column":null}}},"fnMap":{"0":{"name":"LogoutPage","decl":{"start":{"line":7,"column":24},"end":{"line":7,"column":null}},"loc":{"start":{"line":7,"column":24},"end":{"line":26,"column":null}}},"1":{"name":"(anonymous_5)","decl":{"start":{"line":10,"column":14},"end":{"line":10,"column":null}},"loc":{"start":{"line":10,"column":14},"end":{"line":18,"column":7}}},"2":{"name":"(anonymous_6)","decl":{"start":{"line":15,"column":19},"end":{"line":15,"column":null}},"loc":{"start":{"line":15,"column":19},"end":{"line":17,"column":11}}}},"branchMap":{},"s":{"0":3,"1":1,"2":1,"3":3,"4":3,"5":3,"6":3,"7":1},"f":{"0":3,"1":3,"2":1},"b":{}}
,"C:\\Users\\USER\\OneDrive\\Documents\\RevoU\\milestone-3-egaherawati10\\src\\app\\product\\[id]\\page.jsx": {"path":"C:\\Users\\USER\\OneDrive\\Documents\\RevoU\\milestone-3-egaherawati10\\src\\app\\product\\[id]\\page.jsx","statementMap":{"0":{"start":{"line":3,"column":30},"end":{"line":3,"column":42}},"1":{"start":{"line":1,"column":17},"end":{"line":1,"column":null}},"2":{"start":{"line":4,"column":13},"end":{"line":4,"column":22}},"3":{"start":{"line":6,"column":14},"end":{"line":6,"column":null}},"4":{"start":{"line":7,"column":18},"end":{"line":7,"column":null}}},"fnMap":{"0":{"name":"ProductPage","decl":{"start":{"line":3,"column":30},"end":{"line":3,"column":42}},"loc":{"start":{"line":3,"column":52},"end":{"line":28,"column":null}}}},"branchMap":{"0":{"loc":{"start":{"line":14,"column":15},"end":{"line":14,"column":81}},"type":"cond-expr","locations":[{"start":{"line":14,"column":47},"end":{"line":14,"column":64}},{"start":{"line":14,"column":67},"end":{"line":14,"column":81}}]}},"s":{"0":0,"1":0,"2":0,"3":0,"4":0},"f":{"0":0},"b":{"0":[0,0]}}
,"C:\\Users\\USER\\OneDrive\\Documents\\RevoU\\milestone-3-egaherawati10\\src\\app\\profile\\page.jsx": {"path":"C:\\Users\\USER\\OneDrive\\Documents\\RevoU\\milestone-3-egaherawati10\\src\\app\\profile\\page.jsx","statementMap":{"0":{"start":{"line":7,"column":24},"end":{"line":7,"column":null}},"1":{"start":{"line":3,"column":36},"end":{"line":3,"column":null}},"2":{"start":{"line":4,"column":26},"end":{"line":4,"column":null}},"3":{"start":{"line":5,"column":26},"end":{"line":5,"column":null}},"4":{"start":{"line":8,"column":36},"end":{"line":8,"column":null}},"5":{"start":{"line":9,"column":17},"end":{"line":9,"column":null}},"6":{"start":{"line":11,"column":2},"end":{"line":15,"column":null}},"7":{"start":{"line":12,"column":4},"end":{"line":14,"column":null}},"8":{"start":{"line":13,"column":6},"end":{"line":13,"column":null}},"9":{"start":{"line":24,"column":23},"end":{"line":24,"column":null}}},"fnMap":{"0":{"name":"UserProfile","decl":{"start":{"line":7,"column":24},"end":{"line":7,"column":null}},"loc":{"start":{"line":7,"column":24},"end":{"line":31,"column":null}}},"1":{"name":"(anonymous_2)","decl":{"start":{"line":11,"column":12},"end":{"line":11,"column":null}},"loc":{"start":{"line":11,"column":12},"end":{"line":15,"column":5}}},"2":{"name":"(anonymous_3)","decl":{"start":{"line":24,"column":17},"end":{"line":24,"column":23}},"loc":{"start":{"line":24,"column":23},"end":{"line":24,"column":null}}}},"branchMap":{"0":{"loc":{"start":{"line":12,"column":4},"end":{"line":14,"column":null}},"type":"if","locations":[{"start":{"line":12,"column":4},"end":{"line":14,"column":null}}]}},"s":{"0":0,"1":0,"2":0,"3":0,"4":0,"5":0,"6":0,"7":0,"8":0,"9":0},"f":{"0":0,"1":0,"2":0},"b":{"0":[0]}}
,"C:\\Users\\USER\\OneDrive\\Documents\\RevoU\\milestone-3-egaherawati10\\src\\app\\register\\page.jsx": {"path":"C:\\Users\\USER\\OneDrive\\Documents\\RevoU\\milestone-3-egaherawati10\\src\\app\\register\\page.jsx","statementMap":{"0":{"start":{"line":7,"column":24},"end":{"line":7,"column":null}},"1":{"start":{"line":3,"column":18},"end":{"line":3,"column":null}},"2":{"start":{"line":5,"column":26},"end":{"line":5,"column":null}},"3":{"start":{"line":8,"column":30},"end":{"line":8,"column":null}},"4":{"start":{"line":9,"column":36},"end":{"line":9,"column":null}},"5":{"start":{"line":10,"column":19},"end":{"line":10,"column":null}},"6":{"start":{"line":12,"column":27},"end":{"line":19,"column":null}},"7":{"start":{"line":13,"column":8},"end":{"line":13,"column":null}},"8":{"start":{"line":16,"column":8},"end":{"line":16,"column":null}},"9":{"start":{"line":17,"column":8},"end":{"line":17,"column":null}},"10":{"start":{"line":18,"column":8},"end":{"line":18,"column":null}},"11":{"start":{"line":25,"column":87},"end":{"line":25,"column":113}},"12":{"start":{"line":26,"column":96},"end":{"line":26,"column":125}}},"fnMap":{"0":{"name":"RegisterPage","decl":{"start":{"line":7,"column":24},"end":{"line":7,"column":null}},"loc":{"start":{"line":7,"column":24},"end":{"line":32,"column":null}}},"1":{"name":"(anonymous_5)","decl":{"start":{"line":12,"column":27},"end":{"line":12,"column":34}},"loc":{"start":{"line":12,"column":34},"end":{"line":19,"column":null}}},"2":{"name":"(anonymous_6)","decl":{"start":{"line":25,"column":80},"end":{"line":25,"column":81}},"loc":{"start":{"line":25,"column":87},"end":{"line":25,"column":113}}},"3":{"name":"(anonymous_7)","decl":{"start":{"line":26,"column":89},"end":{"line":26,"column":90}},"loc":{"start":{"line":26,"column":96},"end":{"line":26,"column":125}}}},"branchMap":{},"s":{"0":3,"1":1,"2":1,"3":7,"4":7,"5":7,"6":7,"7":1,"8":1,"9":1,"10":1,"11":2,"12":2},"f":{"0":7,"1":1,"2":2,"3":2},"b":{}}
,"C:\\Users\\USER\\OneDrive\\Documents\\RevoU\\milestone-3-egaherawati10\\src\\app\\stores\\CartStorage.jsx": {"path":"C:\\Users\\USER\\OneDrive\\Documents\\RevoU\\milestone-3-egaherawati10\\src\\app\\stores\\CartStorage.jsx","statementMap":{"0":{"start":{"line":7,"column":13},"end":{"line":7,"column":30}},"1":{"start":{"line":3,"column":18},"end":{"line":3,"column":null}},"2":{"start":{"line":4,"column":23},"end":{"line":4,"column":null}},"3":{"start":{"line":5,"column":24},"end":{"line":5,"column":null}},"4":{"start":{"line":7,"column":30},"end":{"line":59,"column":null}},"5":{"start":{"line":9,"column":23},"end":{"line":56,"column":null}},"6":{"start":{"line":13,"column":23},"end":{"line":13,"column":null}},"7":{"start":{"line":13,"column":54},"end":{"line":13,"column":76}},"8":{"start":{"line":15,"column":12},"end":{"line":27,"column":null}},"9":{"start":{"line":16,"column":16},"end":{"line":22,"column":null}},"10":{"start":{"line":18,"column":24},"end":{"line":20,"column":null}},"11":{"start":{"line":24,"column":16},"end":{"line":26,"column":null}},"12":{"start":{"line":31,"column":8},"end":{"line":35,"column":null}},"13":{"start":{"line":33,"column":12},"end":{"line":34,"column":null}},"14":{"start":{"line":39,"column":8},"end":{"line":44,"column":null}},"15":{"start":{"line":41,"column":12},"end":{"line":42,"column":null}},"16":{"start":{"line":43,"column":26},"end":{"line":43,"column":null}},"17":{"start":{"line":48,"column":12},"end":{"line":50,"column":null}},"18":{"start":{"line":49,"column":56},"end":{"line":49,"column":null}},"19":{"start":{"line":54,"column":12},"end":{"line":54,"column":null}}},"fnMap":{"0":{"name":"(anonymous_2)","decl":{"start":{"line":9,"column":8},"end":{"line":9,"column":9}},"loc":{"start":{"line":9,"column":23},"end":{"line":56,"column":null}}},"1":{"name":"(anonymous_3)","decl":{"start":{"line":12,"column":15},"end":{"line":12,"column":16}},"loc":{"start":{"line":12,"column":16},"end":{"line":28,"column":null}}},"2":{"name":"(anonymous_4)","decl":{"start":{"line":13,"column":44},"end":{"line":13,"column":45}},"loc":{"start":{"line":13,"column":54},"end":{"line":13,"column":76}}},"3":{"name":"(anonymous_5)","decl":{"start":{"line":17,"column":51},"end":{"line":17,"column":52}},"loc":{"start":{"line":18,"column":24},"end":{"line":20,"column":null}}},"4":{"name":"(anonymous_6)","decl":{"start":{"line":30,"column":23},"end":{"line":30,"column":24}},"loc":{"start":{"line":30,"column":24},"end":{"line":36,"column":null}}},"5":{"name":"(anonymous_7)","decl":{"start":{"line":32,"column":43},"end":{"line":32,"column":44}},"loc":{"start":{"line":33,"column":12},"end":{"line":34,"column":null}}},"6":{"name":"(anonymous_8)","decl":{"start":{"line":38,"column":27},"end":{"line":38,"column":28}},"loc":{"start":{"line":38,"column":28},"end":{"line":45,"column":null}}},"7":{"name":"(anonymous_9)","decl":{"start":{"line":40,"column":43},"end":{"line":40,"column":44}},"loc":{"start":{"line":41,"column":12},"end":{"line":42,"column":null}}},"8":{"name":"(anonymous_10)","decl":{"start":{"line":43,"column":16},"end":{"line":43,"column":17}},"loc":{"start":{"line":43,"column":26},"end":{"line":43,"column":null}}},"9":{"name":"(anonymous_11)","decl":{"start":{"line":47,"column":20},"end":{"line":47,"column":21}},"loc":{"start":{"line":47,"column":21},"end":{"line":51,"column":null}}},"10":{"name":"(anonymous_12)","decl":{"start":{"line":49,"column":46},"end":{"line":49,"column":47}},"loc":{"start":{"line":49,"column":56},"end":{"line":49,"column":null}}},"11":{"name":"(anonymous_13)","decl":{"start":{"line":53,"column":19},"end":{"line":53,"column":null}},"loc":{"start":{"line":53,"column":19},"end":{"line":55,"column":null}}}},"branchMap":{"0":{"loc":{"start":{"line":15,"column":12},"end":{"line":27,"column":null}},"type":"if","locations":[{"start":{"line":15,"column":12},"end":{"line":27,"column":null}},{"start":{"line":23,"column":19},"end":{"line":27,"column":null}}]},"1":{"loc":{"start":{"line":18,"column":24},"end":{"line":20,"column":null}},"type":"cond-expr","locations":[{"start":{"line":19,"column":26},"end":{"line":19,"column":null}},{"start":{"line":20,"column":26},"end":{"line":20,"column":null}}]},"2":{"loc":{"start":{"line":33,"column":12},"end":{"line":34,"column":null}},"type":"cond-expr","locations":[{"start":{"line":34,"column":10},"end":{"line":34,"column":53}},{"start":{"line":34,"column":53},"end":{"line":34,"column":null}}]},"3":{"loc":{"start":{"line":41,"column":12},"end":{"line":42,"column":null}},"type":"cond-expr","locations":[{"start":{"line":42,"column":10},"end":{"line":42,"column":53}},{"start":{"line":42,"column":53},"end":{"line":42,"column":null}}]}},"s":{"0":31,"1":3,"2":3,"3":3,"4":3,"5":3,"6":8,"7":2,"8":8,"9":1,"10":1,"11":7,"12":2,"13":2,"14":2,"15":2,"16":2,"17":1,"18":2,"19":1},"f":{"0":3,"1":8,"2":2,"3":1,"4":2,"5":2,"6":2,"7":2,"8":2,"9":1,"10":2,"11":1},"b":{"0":[1,7],"1":[1,0],"2":[2,0],"3":[2,0]}}
}
