TN:
SF:src\app\HomeClient.jsx
FN:12,HomeClient
FN:18,(anonymous_3)
FN:19,(anonymous_4)
FN:35,NavLink
FN:68,(anonymous_6)
FN:80,(anonymous_7)
FNF:6
FNH:6
FNDA:9,HomeClient
FNDA:5,(anonymous_3)
FNDA:5,(anonymous_4)
FNDA:15,NavLink
FNDA:1,(anonymous_6)
FNDA:6,(anonymous_7)
DA:3,1
DA:4,1
DA:5,1
DA:6,1
DA:7,1
DA:8,1
DA:9,1
DA:10,1
DA:12,5
DA:13,9
DA:14,9
DA:15,9
DA:16,9
DA:18,9
DA:19,5
DA:20,5
DA:21,5
DA:22,5
DA:23,4
DA:24,4
DA:25,4
DA:27,1
DA:29,5
DA:32,5
DA:36,15
DA:68,1
DA:81,6
LF:27
LH:27
BRDA:22,0,0,1
BRDA:41,1,0,9
BRDA:41,1,1,6
BRDA:64,2,0,0
BRDA:64,2,1,3
BRDA:65,3,0,3
BRDA:65,3,1,0
BRF:7
BRH:5
end_of_record
TN:
SF:src\app\layout.jsx
FN:23,RootLayout
FNF:1
FNH:1
FNDA:3,RootLayout
DA:1,1
DA:2,1
DA:3,1
DA:4,1
DA:5,1
DA:6,1
DA:8,1
DA:13,1
DA:23,3
LF:9
LH:9
BRF:0
BRH:0
end_of_record
TN:
SF:src\app\page.jsx
FN:6,Home
FNF:1
FNH:0
FNDA:0,Home
DA:1,0
DA:2,0
DA:3,0
DA:4,0
DA:6,0
DA:7,0
DA:9,0
DA:10,0
LF:8
LH:0
BRDA:9,0,0,0
BRF:1
BRH:0
end_of_record
TN:
SF:src\app\__test__\snapshot.js
FN:4,(anonymous_1)
FNF:1
FNH:0
FNDA:0,(anonymous_1)
DA:1,0
DA:2,0
DA:4,0
DA:5,0
DA:6,0
LF:5
LH:0
BRF:0
BRH:0
end_of_record
TN:
SF:src\app\api\auth\[...nextauth]\route.jsx
FN:18,(anonymous_4)
FN:31,(anonymous_5)
FN:53,(anonymous_6)
FN:57,(anonymous_7)
FNF:4
FNH:0
FNDA:0,(anonymous_4)
FNDA:0,(anonymous_5)
FNDA:0,(anonymous_6)
FNDA:0,(anonymous_7)
DA:1,0
DA:2,0
DA:10,0
DA:28,0
DA:29,0
DA:30,0
DA:31,0
DA:33,0
DA:34,0
DA:42,0
DA:54,0
DA:55,0
DA:58,0
DA:59,0
DA:64,0
DA:66,0
LF:16
LH:0
BRDA:31,0,0,0
BRDA:31,0,1,0
BRDA:33,1,0,0
BRDA:38,2,0,0
BRDA:38,2,1,0
BRDA:54,3,0,0
BRF:6
BRH:0
end_of_record
TN:
SF:src\app\cart\page.jsx
FN:8,(anonymous_5)
FN:18,(anonymous_6)
FN:22,(anonymous_7)
FN:24,(anonymous_8)
FN:42,(anonymous_9)
FN:60,(anonymous_10)
FN:68,(anonymous_11)
FN:77,(anonymous_12)
FNF:8
FNH:8
FNDA:13,(anonymous_5)
FNDA:12,(anonymous_6)
FNDA:7,(anonymous_7)
FNDA:7,(anonymous_8)
FNDA:6,(anonymous_9)
FNDA:1,(anonymous_10)
FNDA:1,(anonymous_11)
FNDA:1,(anonymous_12)
DA:3,1
DA:4,1
DA:5,1
DA:6,1
DA:8,1
DA:14,13
DA:16,13
DA:17,13
DA:18,12
DA:22,13
DA:24,7
DA:25,7
DA:43,6
DA:60,1
DA:68,1
DA:77,1
DA:105,7
LF:17
LH:17
BRDA:34,0,0,7
BRDA:38,1,0,1
BRF:2
BRH:2
end_of_record
TN:
SF:src\app\checkout\page.jsx
FN:8,CheckoutPage
FN:16,(anonymous_5)
FN:20,(anonymous_6)
FN:24,(anonymous_7)
FN:29,(anonymous_8)
FN:47,(anonymous_9)
FN:68,(anonymous_10)
FNF:7
FNH:7
FNDA:7,CheckoutPage
FNDA:7,(anonymous_5)
FNDA:1,(anonymous_6)
FNDA:1,(anonymous_7)
FNDA:1,(anonymous_8)
FNDA:7,(anonymous_9)
FNDA:28,(anonymous_10)
DA:3,1
DA:4,1
DA:5,1
DA:6,1
DA:8,4
DA:9,7
DA:10,7
DA:11,7
DA:12,7
DA:13,7
DA:15,7
DA:16,7
DA:20,7
DA:21,1
DA:24,7
DA:25,1
DA:29,1
DA:30,1
DA:31,1
DA:32,1
DA:33,1
DA:48,7
DA:69,28
LF:23
LH:23
BRDA:44,0,0,1
BRDA:92,1,0,7
BRDA:92,1,1,6
BRDA:95,2,0,1
BRDA:95,2,1,6
BRF:5
BRH:5
end_of_record
TN:
SF:src\app\component\CartIcon.jsx
FN:8,CartIcon
FN:9,(anonymous_3)
FN:10,(anonymous_4)
FNF:3
FNH:2
FNDA:3,CartIcon
FNDA:0,(anonymous_3)
FNDA:2,(anonymous_4)
DA:3,1
DA:4,1
DA:5,1
DA:6,1
DA:8,3
DA:9,3
DA:10,3
LF:7
LH:7
BRDA:9,0,0,0
BRDA:9,0,1,0
BRDA:15,1,0,3
BRF:3
BRH:1
end_of_record
TN:
SF:src\app\component\FAQ.jsx
FN:32,ShopFAQ
FN:35,(anonymous_5)
FN:43,(anonymous_6)
FN:46,(anonymous_7)
FNF:4
FNH:4
FNDA:13,ShopFAQ
FNDA:7,(anonymous_5)
FNDA:65,(anonymous_6)
FNDA:7,(anonymous_7)
DA:1,1
DA:4,1
DA:32,6
DA:33,13
DA:35,13
DA:36,7
DA:44,65
DA:46,7
LF:8
LH:8
BRDA:36,0,0,2
BRDA:36,0,1,5
BRDA:50,1,0,5
BRDA:50,1,1,60
BRDA:52,2,0,65
BRF:5
BRH:5
end_of_record
TN:
SF:src\app\component\LoadingSpinner.jsx
FN:5,LoadingSpinner
FNF:1
FNH:1
FNDA:7,LoadingSpinner
DA:3,1
DA:5,7
DA:10,7
DA:16,7
DA:24,7
LF:5
LH:5
BRDA:6,0,0,5
BRDA:7,1,0,5
BRDA:16,2,0,7
BRDA:16,2,1,0
BRDA:24,3,0,2
BRDA:28,4,0,2
BRDA:36,5,0,5
BRF:7
BRH:6
end_of_record
TN:
SF:src\app\component\ProductCard.jsx
FN:8,ProductCard
FN:9,(anonymous_3)
FN:25,(anonymous_4)
FNF:3
FNH:2
FNDA:3,ProductCard
FNDA:0,(anonymous_3)
FNDA:1,(anonymous_4)
DA:3,1
DA:4,1
DA:5,1
DA:6,1
DA:8,3
DA:9,3
DA:25,1
LF:7
LH:7
BRDA:15,0,0,3
BRDA:15,0,1,1
BRF:2
BRH:2
end_of_record
TN:
SF:src\app\component\SessionProviderWrapper.jsx
FN:5,SessionProviderWrapper
FNF:1
FNH:1
FNDA:1,SessionProviderWrapper
DA:3,1
DA:5,1
LF:2
LH:2
BRF:0
BRH:0
end_of_record
TN:
SF:src\app\dashboard\layout.jsx
FN:6,AdminLayout
FNF:1
FNH:0
FNDA:0,AdminLayout
DA:1,0
DA:6,0
DA:7,0
LF:3
LH:0
BRF:0
BRH:0
end_of_record
TN:
SF:src\app\dashboard\page.jsx
FN:8,AdminDashboard
FN:12,(anonymous_3)
FN:29,(anonymous_4)
FNF:3
FNH:2
FNDA:4,AdminDashboard
FNDA:4,(anonymous_3)
FNDA:0,(anonymous_4)
DA:3,1
DA:4,1
DA:5,1
DA:6,1
DA:8,4
DA:9,4
DA:10,4
DA:12,4
DA:13,4
DA:15,3
DA:16,1
DA:17,2
DA:18,1
DA:29,0
LF:14
LH:13
BRDA:13,0,0,1
BRDA:15,1,0,1
BRDA:15,1,1,2
BRDA:17,2,0,1
BRF:4
BRH:4
end_of_record
TN:
SF:src\app\dashboard\products\AdminProductClient.jsx
FN:6,AdminProductClient
FN:19,(anonymous_6)
FN:23,(anonymous_7)
FN:35,(anonymous_8)
FN:38,(anonymous_9)
FN:70,(anonymous_10)
FN:80,(anonymous_11)
FN:142,(anonymous_12)
FN:159,(anonymous_13)
FN:165,(anonymous_14)
FNF:10
FNH:8
FNDA:16,AdminProductClient
FNDA:4,(anonymous_6)
FNDA:2,(anonymous_7)
FNDA:4,(anonymous_8)
FNDA:1,(anonymous_9)
FNDA:0,(anonymous_10)
FNDA:1,(anonymous_11)
FNDA:4,(anonymous_12)
FNDA:0,(anonymous_13)
FNDA:1,(anonymous_14)
DA:3,1
DA:4,1
DA:6,4
DA:7,16
DA:8,16
DA:14,16
DA:15,16
DA:16,16
DA:19,16
DA:20,4
DA:23,16
DA:24,2
DA:25,2
DA:26,2
DA:27,2
DA:28,2
DA:30,0
DA:32,2
DA:35,16
DA:36,4
DA:38,16
DA:39,1
DA:40,1
DA:42,1
DA:52,1
DA:53,1
DA:54,0
DA:58,0
DA:60,1
DA:62,1
DA:63,1
DA:65,0
DA:67,1
DA:70,16
DA:71,0
DA:77,0
DA:80,16
DA:81,1
DA:82,1
DA:83,1
DA:84,1
DA:86,0
DA:88,1
DA:143,4
DA:159,0
DA:165,1
LF:46
LH:38
BRDA:47,0,0,1
BRDA:47,0,1,0
BRDA:53,1,0,0
BRDA:53,1,1,1
BRDA:75,2,0,0
BRDA:75,2,1,0
BRDA:134,3,0,0
BRDA:134,3,1,16
BRDA:138,4,0,16
BRDA:139,5,0,16
BRF:10
BRH:5
end_of_record
TN:
SF:src\app\dashboard\products\page.jsx
FN:3,AdminProductPage
FNF:1
FNH:1
FNDA:2,AdminProductPage
DA:1,1
DA:3,2
DA:4,2
DA:6,2
DA:7,2
DA:9,1
DA:10,1
DA:12,1
LF:8
LH:8
BRF:0
BRH:0
end_of_record
TN:
SF:src\app\login\page.jsx
FN:7,LoginPage
FN:16,(anonymous_2)
FN:21,(anonymous_3)
FN:31,(anonymous_4)
FN:73,(anonymous_5)
FN:81,(anonymous_6)
FNF:6
FNH:5
FNDA:18,LoginPage
FNDA:6,(anonymous_2)
FNDA:6,(anonymous_3)
FNDA:0,(anonymous_4)
FNDA:3,(anonymous_5)
FNDA:3,(anonymous_6)
DA:3,1
DA:4,1
DA:5,1
DA:7,6
DA:8,18
DA:9,18
DA:10,18
DA:11,18
DA:12,18
DA:13,18
DA:14,18
DA:16,18
DA:17,6
DA:21,18
DA:22,6
DA:23,2
DA:24,1
DA:26,1
DA:31,18
DA:32,0
DA:33,0
DA:34,0
DA:36,0
DA:42,0
DA:44,0
DA:45,0
DA:46,0
DA:48,0
DA:49,0
DA:51,0
DA:54,0
DA:58,18
DA:59,6
DA:73,3
DA:81,3
LF:35
LH:23
BRDA:22,0,0,2
BRDA:23,1,0,1
BRDA:23,1,1,1
BRDA:44,2,0,0
BRDA:44,2,1,0
BRDA:48,3,0,0
BRDA:48,3,1,0
BRDA:58,4,0,6
BRDA:58,5,0,18
BRDA:58,5,1,12
BRDA:90,6,0,0
BRDA:90,6,1,12
BRDA:92,7,0,12
BRF:13
BRH:8
end_of_record
TN:
SF:src\app\logout\page.jsx
FN:7,LogoutPage
FN:10,(anonymous_5)
FN:15,(anonymous_6)
FNF:3
FNH:3
FNDA:3,LogoutPage
FNDA:3,(anonymous_5)
FNDA:1,(anonymous_6)
DA:3,1
DA:5,1
DA:7,3
DA:8,3
DA:10,3
DA:12,3
DA:15,3
DA:16,1
LF:8
LH:8
BRF:0
BRH:0
end_of_record
TN:
SF:src\app\product\[id]\page.jsx
FN:3,ProductPage
FNF:1
FNH:0
FNDA:0,ProductPage
DA:1,1
DA:3,0
DA:4,0
DA:6,0
DA:7,0
LF:5
LH:1
BRDA:14,0,0,0
BRDA:14,0,1,0
BRF:2
BRH:0
end_of_record
TN:
SF:src\app\profile\page.jsx
FN:7,UserProfile
FN:11,(anonymous_2)
FN:30,(anonymous_3)
FNF:3
FNH:3
FNDA:5,UserProfile
FNDA:5,(anonymous_2)
FNDA:1,(anonymous_3)
DA:3,1
DA:4,1
DA:5,1
DA:7,5
DA:8,5
DA:9,5
DA:11,5
DA:12,5
DA:14,4
DA:15,1
DA:18,4
DA:19,1
DA:30,1
LF:13
LH:13
BRDA:12,0,0,1
BRDA:14,1,0,1
BRDA:18,2,0,1
BRF:3
BRH:3
end_of_record
TN:
SF:src\app\register\page.jsx
FN:7,RegisterPage
FN:14,(anonymous_5)
FN:29,(anonymous_6)
FN:30,(anonymous_7)
FNF:4
FNH:4
FNDA:9,RegisterPage
FNDA:2,(anonymous_5)
FNDA:2,(anonymous_6)
FNDA:2,(anonymous_7)
DA:3,1
DA:5,1
DA:7,3
DA:8,9
DA:9,9
DA:10,9
DA:11,9
DA:12,9
DA:14,9
DA:15,2
DA:16,2
DA:17,2
DA:20,2
DA:21,2
DA:22,2
DA:29,2
DA:30,2
LF:17
LH:17
BRDA:33,0,0,2
BRDA:33,0,1,7
BRDA:35,1,0,9
BRF:3
BRH:3
end_of_record
TN:
SF:src\app\stores\CartStorage.jsx
FN:9,(anonymous_2)
FN:12,(anonymous_3)
FN:13,(anonymous_4)
FN:17,(anonymous_5)
FN:30,(anonymous_6)
FN:32,(anonymous_7)
FN:38,(anonymous_8)
FN:40,(anonymous_9)
FN:43,(anonymous_10)
FN:47,(anonymous_11)
FN:49,(anonymous_12)
FN:53,(anonymous_13)
FNF:12
FNH:12
FNDA:3,(anonymous_2)
FNDA:7,(anonymous_3)
FNDA:1,(anonymous_4)
FNDA:1,(anonymous_5)
FNDA:1,(anonymous_6)
FNDA:1,(anonymous_7)
FNDA:2,(anonymous_8)
FNDA:2,(anonymous_9)
FNDA:2,(anonymous_10)
FNDA:1,(anonymous_11)
FNDA:1,(anonymous_12)
FNDA:7,(anonymous_13)
DA:3,3
DA:4,3
DA:5,3
DA:7,21
DA:9,3
DA:13,7
DA:15,7
DA:16,1
DA:18,1
DA:24,6
DA:31,1
DA:33,1
DA:39,2
DA:41,2
DA:43,2
DA:48,1
DA:49,1
DA:54,7
LF:18
LH:18
BRDA:15,0,0,1
BRDA:15,0,1,6
BRDA:18,1,0,1
BRDA:18,1,1,0
BRDA:33,2,0,1
BRDA:33,2,1,0
BRDA:41,3,0,2
BRDA:41,3,1,0
BRF:8
BRH:5
end_of_record
