TN:
SF:src\middleware.jsx
FN:4,middleware
FNF:1
FNH:0
FNDA:0,middleware
DA:1,0
DA:2,0
DA:4,0
DA:5,0
DA:6,0
DA:9,0
DA:10,0
DA:12,0
DA:13,0
DA:15,0
DA:19,0
DA:20,0
DA:21,0
DA:23,0
DA:24,0
DA:29,0
DA:30,0
DA:31,0
DA:33,0
DA:34,0
DA:38,0
DA:42,0
LF:22
LH:0
BRDA:9,0,0,0
BRDA:9,1,0,0
BRDA:9,1,1,0
BRDA:10,2,0,0
BRDA:12,3,0,0
BRDA:12,3,1,0
BRDA:19,4,0,0
BRDA:20,5,0,0
BRDA:23,6,0,0
BRDA:29,7,0,0
BRDA:30,8,0,0
BRDA:33,9,0,0
BRF:12
BRH:0
end_of_record
TN:
SF:src\app\layout.jsx
FN:23,RootLayout
FNF:1
FNH:1
FNDA:3,RootLayout
DA:1,1
DA:2,1
DA:3,1
DA:4,1
DA:5,1
DA:6,1
DA:8,1
DA:13,1
DA:23,3
LF:9
LH:9
BRF:0
BRH:0
end_of_record
TN:
SF:src\app\page.jsx
FN:11,Home
FN:18,(anonymous_6)
FN:19,(anonymous_7)
FN:35,NavLink
FN:75,(anonymous_9)
FNF:5
FNH:5
FNDA:6,Home
FNDA:4,(anonymous_6)
FNDA:4,(anonymous_7)
FNDA:6,NavLink
FNDA:2,(anonymous_9)
DA:3,1
DA:4,1
DA:5,1
DA:6,1
DA:7,1
DA:8,1
DA:9,1
DA:11,4
DA:12,6
DA:13,6
DA:14,6
DA:16,6
DA:18,6
DA:19,4
DA:20,4
DA:21,4
DA:22,3
DA:23,2
DA:24,2
DA:25,2
DA:27,1
DA:29,3
DA:32,4
DA:36,6
DA:76,2
LF:25
LH:25
BRDA:22,0,0,1
BRDA:41,1,0,3
BRDA:41,1,1,3
BRF:3
BRH:3
end_of_record
TN:
SF:src\app\__test__\snapshot.js
FN:4,(anonymous_1)
FNF:1
FNH:0
FNDA:0,(anonymous_1)
DA:1,0
DA:2,0
DA:4,0
DA:5,0
DA:6,0
LF:5
LH:0
BRF:0
BRH:0
end_of_record
TN:
SF:src\app\api\auth\[...nextauth]\route.jsx
FN:29,(anonymous_5)
FN:31,(anonymous_6)
FN:44,(anonymous_7)
FN:53,(anonymous_8)
FNF:4
FNH:0
FNDA:0,(anonymous_5)
FNDA:0,(anonymous_6)
FNDA:0,(anonymous_7)
FNDA:0,(anonymous_8)
DA:1,0
DA:2,0
DA:4,0
DA:21,0
DA:30,0
DA:32,0
DA:34,0
DA:36,0
DA:37,0
DA:39,0
DA:45,0
DA:46,0
DA:47,0
DA:48,0
DA:49,0
DA:51,0
DA:54,0
DA:55,0
DA:56,0
DA:57,0
DA:58,0
DA:65,0
DA:66,0
LF:23
LH:0
BRDA:32,0,0,0
BRDA:32,0,1,0
BRDA:34,1,0,0
BRDA:45,2,0,0
BRF:4
BRH:0
end_of_record
TN:
SF:src\app\cart\page.jsx
FN:8,(anonymous_5)
FN:18,(anonymous_6)
FN:22,(anonymous_7)
FN:24,(anonymous_8)
FN:42,(anonymous_9)
FN:60,(anonymous_10)
FN:68,(anonymous_11)
FN:77,(anonymous_12)
FNF:8
FNH:8
FNDA:13,(anonymous_5)
FNDA:12,(anonymous_6)
FNDA:7,(anonymous_7)
FNDA:7,(anonymous_8)
FNDA:6,(anonymous_9)
FNDA:1,(anonymous_10)
FNDA:1,(anonymous_11)
FNDA:1,(anonymous_12)
DA:3,1
DA:4,1
DA:5,1
DA:6,1
DA:8,1
DA:14,13
DA:16,13
DA:17,13
DA:18,12
DA:22,13
DA:24,7
DA:25,7
DA:43,6
DA:60,1
DA:68,1
DA:77,1
DA:105,7
LF:17
LH:17
BRDA:34,0,0,7
BRDA:38,1,0,1
BRF:2
BRH:2
end_of_record
TN:
SF:src\app\checkout\page.jsx
FN:7,CheckoutPage
FN:14,(anonymous_5)
FN:18,(anonymous_6)
FN:22,(anonymous_7)
FN:27,(anonymous_8)
FN:44,(anonymous_9)
FN:65,(anonymous_10)
FNF:7
FNH:7
FNDA:8,CheckoutPage
FNDA:5,(anonymous_5)
FNDA:1,(anonymous_6)
FNDA:1,(anonymous_7)
FNDA:1,(anonymous_8)
FNDA:5,(anonymous_9)
FNDA:32,(anonymous_10)
DA:3,1
DA:4,1
DA:5,1
DA:7,5
DA:8,8
DA:9,8
DA:10,8
DA:11,8
DA:13,8
DA:14,5
DA:18,8
DA:19,1
DA:22,8
DA:23,1
DA:27,1
DA:28,1
DA:29,1
DA:30,1
DA:45,5
DA:66,32
LF:20
LH:20
BRDA:41,0,0,4
BRDA:89,1,0,8
BRDA:89,1,1,7
BRDA:92,2,0,1
BRDA:92,2,1,7
BRF:5
BRH:5
end_of_record
TN:
SF:src\app\component\CartIcon.jsx
FN:8,CartIcon
FN:9,(anonymous_3)
FN:10,(anonymous_4)
FNF:3
FNH:0
FNDA:0,CartIcon
FNDA:0,(anonymous_3)
FNDA:0,(anonymous_4)
DA:3,0
DA:4,0
DA:5,0
DA:6,0
DA:8,0
DA:9,0
DA:10,0
LF:7
LH:0
BRDA:9,0,0,0
BRDA:9,0,1,0
BRDA:15,1,0,0
BRF:3
BRH:0
end_of_record
TN:
SF:src\app\component\FAQ.jsx
FN:32,ShopFAQ
FN:35,(anonymous_5)
FN:43,(anonymous_6)
FN:46,(anonymous_7)
FNF:4
FNH:0
FNDA:0,ShopFAQ
FNDA:0,(anonymous_5)
FNDA:0,(anonymous_6)
FNDA:0,(anonymous_7)
DA:1,0
DA:4,0
DA:32,0
DA:33,0
DA:35,0
DA:36,0
DA:44,0
DA:46,0
LF:8
LH:0
BRDA:36,0,0,0
BRDA:36,0,1,0
BRDA:50,1,0,0
BRDA:50,1,1,0
BRDA:52,2,0,0
BRF:5
BRH:0
end_of_record
TN:
SF:src\app\component\LoadingSpinner.jsx
FN:5,LoadingSpinner
FNF:1
FNH:1
FNDA:7,LoadingSpinner
DA:3,1
DA:5,7
DA:10,7
DA:16,7
DA:24,7
LF:5
LH:5
BRDA:6,0,0,5
BRDA:7,1,0,5
BRDA:16,2,0,7
BRDA:16,2,1,0
BRDA:24,3,0,2
BRDA:28,4,0,2
BRDA:36,5,0,5
BRF:7
BRH:6
end_of_record
TN:
SF:src\app\component\ProductCard.jsx
FN:8,ProductCard
FN:9,(anonymous_3)
FN:26,(anonymous_4)
FNF:3
FNH:2
FNDA:3,ProductCard
FNDA:0,(anonymous_3)
FNDA:1,(anonymous_4)
DA:3,1
DA:4,1
DA:5,1
DA:6,1
DA:8,3
DA:9,3
DA:26,1
LF:7
LH:7
BRDA:15,0,0,3
BRDA:15,0,1,1
BRF:2
BRH:2
end_of_record
TN:
SF:src\app\component\SessionProviderWrapper.jsx
FN:5,SessionProviderWrapper
FNF:1
FNH:0
FNDA:0,SessionProviderWrapper
DA:3,0
DA:5,0
LF:2
LH:0
BRF:0
BRH:0
end_of_record
TN:
SF:src\app\dashboard\layout.jsx
FN:6,AdminLayout
FNF:1
FNH:0
FNDA:0,AdminLayout
DA:1,0
DA:6,0
DA:7,0
LF:3
LH:0
BRF:0
BRH:0
end_of_record
TN:
SF:src\app\dashboard\page.jsx
FN:8,AdminDashboard
FN:12,(anonymous_3)
FN:25,(anonymous_4)
FNF:3
FNH:3
FNDA:4,AdminDashboard
FNDA:4,(anonymous_3)
FNDA:1,(anonymous_4)
DA:3,1
DA:4,1
DA:5,1
DA:6,1
DA:8,4
DA:9,4
DA:10,4
DA:12,4
DA:13,4
DA:14,1
DA:25,1
LF:11
LH:11
BRDA:13,0,0,1
BRF:1
BRH:1
end_of_record
TN:
SF:src\app\dashboard\products\page.jsx
FN:6,AdminProductPage
FN:14,(anonymous_6)
FN:18,(anonymous_7)
FN:30,(anonymous_8)
FN:36,(anonymous_9)
FN:43,(anonymous_10)
FN:72,(anonymous_11)
FN:81,(anonymous_12)
FN:140,(anonymous_13)
FN:153,(anonymous_14)
FN:159,(anonymous_15)
FNF:11
FNH:10
FNDA:44,AdminProductPage
FNDA:10,(anonymous_6)
FNDA:11,(anonymous_7)
FNDA:20,(anonymous_8)
FNDA:1,(anonymous_9)
FNDA:0,(anonymous_10)
FNDA:1,(anonymous_11)
FNDA:2,(anonymous_12)
FNDA:18,(anonymous_13)
FNDA:1,(anonymous_14)
FNDA:2,(anonymous_15)
DA:3,1
DA:4,1
DA:6,10
DA:7,44
DA:8,44
DA:9,44
DA:10,44
DA:11,44
DA:12,44
DA:14,44
DA:15,10
DA:18,44
DA:19,11
DA:20,11
DA:21,11
DA:22,10
DA:23,8
DA:25,3
DA:27,11
DA:30,44
DA:31,20
DA:32,10
DA:36,44
DA:37,1
DA:43,44
DA:44,0
DA:45,0
DA:46,0
DA:54,0
DA:55,0
DA:56,0
DA:60,0
DA:62,0
DA:64,0
DA:65,0
DA:67,0
DA:69,0
DA:72,44
DA:73,1
DA:78,1
DA:81,44
DA:82,2
DA:83,2
DA:84,2
DA:85,1
DA:87,1
DA:89,2
DA:93,44
DA:94,10
DA:141,18
DA:153,1
DA:159,2
LF:52
LH:40
BRDA:31,0,0,10
BRDA:55,1,0,0
BRDA:55,1,1,0
BRDA:93,2,0,10
BRDA:132,3,0,2
BRDA:132,3,1,32
BRDA:136,4,0,34
BRDA:137,5,0,34
BRF:8
BRH:6
end_of_record
TN:
SF:src\app\lib\authOptions.jsx
FN:15,(anonymous_2)
FN:72,(anonymous_3)
FN:83,(anonymous_4)
FNF:3
FNH:1
FNDA:0,(anonymous_2)
FNDA:2,(anonymous_3)
FNDA:0,(anonymous_4)
DA:1,1
DA:3,2
DA:16,0
DA:17,0
DA:20,0
DA:21,0
DA:32,0
DA:33,0
DA:34,0
DA:37,0
DA:38,0
DA:40,0
DA:47,0
DA:48,0
DA:49,0
DA:52,0
DA:53,0
DA:55,0
DA:65,0
DA:66,0
DA:73,2
DA:74,1
DA:75,1
DA:76,1
DA:77,1
DA:78,1
DA:79,1
DA:81,2
DA:84,0
DA:85,0
DA:86,0
DA:87,0
DA:88,0
DA:89,0
DA:90,0
DA:92,0
LF:36
LH:10
BRDA:16,0,0,0
BRDA:16,1,0,0
BRDA:16,1,1,0
BRDA:32,2,0,0
BRDA:47,3,0,0
BRDA:73,4,0,1
BRDA:84,5,0,0
BRF:7
BRH:1
end_of_record
TN:
SF:src\app\login\page.jsx
FN:7,LoginPage
FN:15,(anonymous_2)
FN:19,(anonymous_3)
FN:63,(anonymous_4)
FN:71,(anonymous_5)
FNF:5
FNH:5
FNDA:28,LoginPage
FNDA:6,(anonymous_2)
FNDA:4,(anonymous_3)
FNDA:4,(anonymous_4)
FNDA:4,(anonymous_5)
DA:3,1
DA:4,1
DA:5,1
DA:7,6
DA:8,28
DA:9,28
DA:10,28
DA:11,28
DA:12,28
DA:13,28
DA:15,28
DA:16,6
DA:19,28
DA:20,4
DA:21,4
DA:22,4
DA:24,4
DA:30,4
DA:32,4
DA:34,2
DA:35,2
DA:37,2
DA:38,1
DA:40,1
DA:43,2
DA:48,28
DA:49,6
DA:63,4
DA:71,4
LF:29
LH:29
BRDA:32,0,0,2
BRDA:32,0,1,2
BRDA:37,1,0,1
BRDA:37,1,1,1
BRDA:48,2,0,6
BRDA:80,3,0,4
BRDA:80,3,1,18
BRDA:82,4,0,22
BRF:8
BRH:8
end_of_record
TN:
SF:src\app\logout\page.jsx
FN:7,LogoutPage
FN:10,(anonymous_5)
FN:15,(anonymous_6)
FNF:3
FNH:3
FNDA:3,LogoutPage
FNDA:3,(anonymous_5)
FNDA:1,(anonymous_6)
DA:3,1
DA:5,1
DA:7,3
DA:8,3
DA:10,3
DA:12,3
DA:15,3
DA:16,1
LF:8
LH:8
BRF:0
BRH:0
end_of_record
TN:
SF:src\app\product\[id]\page.jsx
FN:3,ProductPage
FNF:1
FNH:0
FNDA:0,ProductPage
DA:1,0
DA:3,0
DA:4,0
DA:6,0
DA:7,0
LF:5
LH:0
BRDA:14,0,0,0
BRDA:14,0,1,0
BRF:2
BRH:0
end_of_record
TN:
SF:src\app\profile\page.jsx
FN:7,UserProfile
FN:11,(anonymous_2)
FN:24,(anonymous_3)
FNF:3
FNH:0
FNDA:0,UserProfile
FNDA:0,(anonymous_2)
FNDA:0,(anonymous_3)
DA:3,0
DA:4,0
DA:5,0
DA:7,0
DA:8,0
DA:9,0
DA:11,0
DA:12,0
DA:13,0
DA:24,0
LF:10
LH:0
BRDA:12,0,0,0
BRF:1
BRH:0
end_of_record
TN:
SF:src\app\register\page.jsx
FN:7,RegisterPage
FN:12,(anonymous_5)
FN:25,(anonymous_6)
FN:26,(anonymous_7)
FNF:4
FNH:4
FNDA:7,RegisterPage
FNDA:1,(anonymous_5)
FNDA:2,(anonymous_6)
FNDA:2,(anonymous_7)
DA:3,1
DA:5,1
DA:7,3
DA:8,7
DA:9,7
DA:10,7
DA:12,7
DA:13,1
DA:16,1
DA:17,1
DA:18,1
DA:25,2
DA:26,2
LF:13
LH:13
BRF:0
BRH:0
end_of_record
TN:
SF:src\app\stores\CartStorage.jsx
FN:9,(anonymous_2)
FN:12,(anonymous_3)
FN:13,(anonymous_4)
FN:17,(anonymous_5)
FN:30,(anonymous_6)
FN:32,(anonymous_7)
FN:38,(anonymous_8)
FN:40,(anonymous_9)
FN:43,(anonymous_10)
FN:47,(anonymous_11)
FN:49,(anonymous_12)
FN:53,(anonymous_13)
FNF:12
FNH:12
FNDA:3,(anonymous_2)
FNDA:8,(anonymous_3)
FNDA:2,(anonymous_4)
FNDA:1,(anonymous_5)
FNDA:2,(anonymous_6)
FNDA:2,(anonymous_7)
FNDA:2,(anonymous_8)
FNDA:2,(anonymous_9)
FNDA:2,(anonymous_10)
FNDA:1,(anonymous_11)
FNDA:2,(anonymous_12)
FNDA:1,(anonymous_13)
DA:3,3
DA:4,3
DA:5,3
DA:7,31
DA:9,3
DA:13,8
DA:15,8
DA:16,1
DA:18,1
DA:24,7
DA:31,2
DA:33,2
DA:39,2
DA:41,2
DA:43,2
DA:48,1
DA:49,2
DA:54,1
LF:18
LH:18
BRDA:15,0,0,1
BRDA:15,0,1,7
BRDA:18,1,0,1
BRDA:18,1,1,0
BRDA:33,2,0,2
BRDA:33,2,1,0
BRDA:41,3,0,2
BRDA:41,3,1,0
BRF:8
BRH:5
end_of_record
